<?xml version="1.0" encoding="utf-8"?><testsuites><testsuite name="pytest" errors="0" failures="0" skipped="24" tests="809" time="372.417" timestamp="2023-12-28T14:57:02.708406" hostname="fv-az1208-450"><testcase classname="cookbook.tests.api.test_api_access_token" name="test_list_permission[arg0]" time="24.279" /><testcase classname="cookbook.tests.api.test_api_access_token" name="test_list_permission[arg1]" time="0.265" /><testcase classname="cookbook.tests.api.test_api_access_token" name="test_list_permission[arg2]" time="0.260" /><testcase classname="cookbook.tests.api.test_api_access_token" name="test_list_permission[arg3]" time="0.259" /><testcase classname="cookbook.tests.api.test_api_access_token" name="test_list_space" time="0.668" /><testcase classname="cookbook.tests.api.test_api_access_token" name="test_token_visibility" time="0.269" /><testcase classname="cookbook.tests.api.test_api_access_token" name="test_update[arg0]" time="0.253" /><testcase classname="cookbook.tests.api.test_api_access_token" name="test_update[arg1]" time="0.269" /><testcase classname="cookbook.tests.api.test_api_access_token" name="test_update[arg2]" time="0.263" /><testcase classname="cookbook.tests.api.test_api_access_token" name="test_update[arg3]" time="0.278" /><testcase classname="cookbook.tests.api.test_api_access_token" name="test_update[arg4]" time="0.426" /><testcase classname="cookbook.tests.api.test_api_access_token" name="test_update[arg5]" time="0.276" /><testcase classname="cookbook.tests.api.test_api_access_token" name="test_update[arg6]" time="0.270" /><testcase classname="cookbook.tests.api.test_api_access_token" name="test_add[arg0]" time="0.326" /><testcase classname="cookbook.tests.api.test_api_access_token" name="test_add[arg1]" time="0.341" /><testcase classname="cookbook.tests.api.test_api_access_token" name="test_add[arg2]" time="0.460" /><testcase classname="cookbook.tests.api.test_api_access_token" name="test_add[arg3]" time="0.342" /><testcase classname="cookbook.tests.api.test_api_access_token" name="test_delete" time="0.512" /><testcase classname="cookbook.tests.api.test_api_cook_log" name="test_list_permission[arg0]" time="0.237" /><testcase classname="cookbook.tests.api.test_api_cook_log" name="test_list_permission[arg1]" time="0.256" /><testcase classname="cookbook.tests.api.test_api_cook_log" name="test_list_permission[arg2]" time="0.385" /><testcase classname="cookbook.tests.api.test_api_cook_log" name="test_list_permission[arg3]" time="0.255" /><testcase classname="cookbook.tests.api.test_api_cook_log" name="test_list_space" time="0.584" /><testcase classname="cookbook.tests.api.test_api_cook_log" name="test_update[arg0]" time="0.307" /><testcase classname="cookbook.tests.api.test_api_cook_log" name="test_update[arg1]" time="0.456" /><testcase classname="cookbook.tests.api.test_api_cook_log" name="test_update[arg2]" time="0.313" /><testcase classname="cookbook.tests.api.test_api_cook_log" name="test_update[arg3]" time="0.322" /><testcase classname="cookbook.tests.api.test_api_cook_log" name="test_update[arg4]" time="0.322" /><testcase classname="cookbook.tests.api.test_api_cook_log" name="test_update[arg5]" time="0.322" /><testcase classname="cookbook.tests.api.test_api_cook_log" name="test_update[arg6]" time="0.319" /><testcase classname="cookbook.tests.api.test_api_cook_log" name="test_add[arg0]" time="0.459" /><testcase classname="cookbook.tests.api.test_api_cook_log" name="test_add[arg1]" time="0.831" /><testcase classname="cookbook.tests.api.test_api_cook_log" name="test_add[arg2]" time="0.947" /><testcase classname="cookbook.tests.api.test_api_cook_log" name="test_add[arg3]" time="0.828" /><testcase classname="cookbook.tests.api.test_api_cook_log" name="test_delete" time="0.712" /><testcase classname="cookbook.tests.api.test_api_food" name="test_list_permission[arg0]" time="0.238" /><testcase classname="cookbook.tests.api.test_api_food" name="test_list_permission[arg1]" time="0.427" /><testcase classname="cookbook.tests.api.test_api_food" name="test_list_permission[arg2]" time="0.273" /><testcase classname="cookbook.tests.api.test_api_food" name="test_list_permission[arg3]" time="0.273" /><testcase classname="cookbook.tests.api.test_api_food" name="test_list_space" time="0.758" /><testcase classname="cookbook.tests.api.test_api_food" name="test_list_filter" time="0.422" /><testcase classname="cookbook.tests.api.test_api_food" name="test_update[arg0]" time="0.246" /><testcase classname="cookbook.tests.api.test_api_food" name="test_update[arg1]" time="0.266" /><testcase classname="cookbook.tests.api.test_api_food" name="test_update[arg2]" time="0.289" /><testcase classname="cookbook.tests.api.test_api_food" name="test_update[arg3]" time="0.434" /><testcase classname="cookbook.tests.api.test_api_food" name="test_update[arg4]" time="0.270" /><testcase classname="cookbook.tests.api.test_api_food" name="test_update[arg5]" time="0.277" /><testcase classname="cookbook.tests.api.test_api_food" name="test_update[arg6]" time="0.278" /><testcase classname="cookbook.tests.api.test_api_food" name="test_add[arg0]" time="0.250" /><testcase classname="cookbook.tests.api.test_api_food" name="test_add[arg1]" time="0.272" /><testcase classname="cookbook.tests.api.test_api_food" name="test_add[arg2]" time="0.718" /><testcase classname="cookbook.tests.api.test_api_food" name="test_add[arg3]" time="0.568" /><testcase classname="cookbook.tests.api.test_api_food" name="test_add_duplicate" time="0.805" /><testcase classname="cookbook.tests.api.test_api_food" name="test_delete" time="0.589" /><testcase classname="cookbook.tests.api.test_api_food" name="test_integrity" time="0.365" /><testcase classname="cookbook.tests.api.test_api_food" name="test_move" time="0.354" /><testcase classname="cookbook.tests.api.test_api_food" name="test_move_errors" time="0.339" /><testcase classname="cookbook.tests.api.test_api_food" name="test_merge_ingredients" time="0.489" /><testcase classname="cookbook.tests.api.test_api_food" name="test_merge_shopping_entries" time="0.339" /><testcase classname="cookbook.tests.api.test_api_food" name="test_merge" time="0.406" /><testcase classname="cookbook.tests.api.test_api_food" name="test_merge_errors" time="0.346" /><testcase classname="cookbook.tests.api.test_api_food" name="test_root_filter" time="0.406" /><testcase classname="cookbook.tests.api.test_api_food" name="test_tree_filter" time="0.537" /><testcase classname="cookbook.tests.api.test_api_food" name="test_inherit[obj_tree_10-supermarket_category-True-cat_1]" time="0.244" /><testcase classname="cookbook.tests.api.test_api_food" name="test_inherit[obj_tree_11-supermarket_category-False-cat_1]" time="0.064" /><testcase classname="cookbook.tests.api.test_api_food" name="test_inherit[obj_tree_12-ignore_shopping-True-false]" time="0.218" /><testcase classname="cookbook.tests.api.test_api_food" name="test_inherit[obj_tree_13-ignore_shopping-False-false]" time="0.055" /><testcase classname="cookbook.tests.api.test_api_food" name="test_inherit[obj_tree_14-substitute_children-True-false]" time="0.218" /><testcase classname="cookbook.tests.api.test_api_food" name="test_inherit[obj_tree_15-substitute_children-False-false]" time="0.054" /><testcase classname="cookbook.tests.api.test_api_food" name="test_inherit[obj_tree_16-substitute_siblings-True-false]" time="0.217" /><testcase classname="cookbook.tests.api.test_api_food" name="test_inherit[obj_tree_17-substitute_siblings-False-false]" time="0.055" /><testcase classname="cookbook.tests.api.test_api_food" name="test_reset_inherit_space_fields[ignore_shopping-True-obj_tree_10]" time="0.073" /><testcase classname="cookbook.tests.api.test_api_food" name="test_reset_inherit_space_fields[ignore_shopping-False-obj_tree_10]" time="0.064" /><testcase classname="cookbook.tests.api.test_api_food" name="test_reset_inherit_space_fields[substitute_children-True-obj_tree_10]" time="0.073" /><testcase classname="cookbook.tests.api.test_api_food" name="test_reset_inherit_space_fields[substitute_children-False-obj_tree_10]" time="0.063" /><testcase classname="cookbook.tests.api.test_api_food" name="test_reset_inherit_space_fields[substitute_siblings-True-obj_tree_10]" time="0.073" /><testcase classname="cookbook.tests.api.test_api_food" name="test_reset_inherit_space_fields[substitute_siblings-False-obj_tree_10]" time="0.063" /><testcase classname="cookbook.tests.api.test_api_food" name="test_reset_inherit_space_fields[supermarket_category-True-obj_tree_10]" time="0.071" /><testcase classname="cookbook.tests.api.test_api_food" name="test_reset_inherit_space_fields[supermarket_category-False-obj_tree_10]" time="0.063" /><testcase classname="cookbook.tests.api.test_api_food" name="test_reset_inherit_no_food_instances[ignore_shopping-obj_tree_10]" time="0.068" /><testcase classname="cookbook.tests.api.test_api_food" name="test_reset_inherit_no_food_instances[substitute_children-obj_tree_10]" time="0.068" /><testcase classname="cookbook.tests.api.test_api_food" name="test_reset_inherit_no_food_instances[substitute_siblings-obj_tree_10]" time="0.068" /><testcase classname="cookbook.tests.api.test_api_food" name="test_reset_inherit_no_food_instances[supermarket_category-obj_tree_10]" time="0.068" /><testcase classname="cookbook.tests.api.test_api_food" name="test_onhand" time="0.668" /><testcase classname="cookbook.tests.api.test_api_food_shopping" name="test_shopping_forbidden_methods" time="0.283" /><testcase classname="cookbook.tests.api.test_api_food_shopping" name="test_shopping_food_create[arg0]" time="0.254" /><testcase classname="cookbook.tests.api.test_api_food_shopping" name="test_shopping_food_create[arg1]" time="0.415" /><testcase classname="cookbook.tests.api.test_api_food_shopping" name="test_shopping_food_create[arg2]" time="0.303" /><testcase classname="cookbook.tests.api.test_api_food_shopping" name="test_shopping_food_create[arg3]" time="0.282" /><testcase classname="cookbook.tests.api.test_api_food_shopping" name="test_shopping_food_create[arg4]" time="0.312" /><testcase classname="cookbook.tests.api.test_api_food_shopping" name="test_shopping_food_delete[arg0]" time="0.255" /><testcase classname="cookbook.tests.api.test_api_food_shopping" name="test_shopping_food_delete[arg1]" time="0.276" /><testcase classname="cookbook.tests.api.test_api_food_shopping" name="test_shopping_food_delete[arg2]" time="0.436" /><testcase classname="cookbook.tests.api.test_api_food_shopping" name="test_shopping_food_delete[arg3]" time="0.288" /><testcase classname="cookbook.tests.api.test_api_food_shopping" name="test_shopping_food_delete[arg4]" time="0.298" /><testcase classname="cookbook.tests.api.test_api_food_shopping" name="test_shopping_food_share" time="0.658" /><testcase classname="cookbook.tests.api.test_api_import_log" name="test_list_permission[arg0]" time="0.381" /><testcase classname="cookbook.tests.api.test_api_import_log" name="test_list_permission[arg1]" time="0.260" /><testcase classname="cookbook.tests.api.test_api_import_log" name="test_list_permission[arg2]" time="0.264" /><testcase classname="cookbook.tests.api.test_api_import_log" name="test_list_permission[arg3]" time="0.267" /><testcase classname="cookbook.tests.api.test_api_import_log" name="test_list_space" time="0.604" /><testcase classname="cookbook.tests.api.test_api_import_log" name="test_update[arg0]" time="0.457" /><testcase classname="cookbook.tests.api.test_api_import_log" name="test_update[arg1]" time="0.346" /><testcase classname="cookbook.tests.api.test_api_import_log" name="test_update[arg2]" time="0.317" /><testcase classname="cookbook.tests.api.test_api_import_log" name="test_update[arg3]" time="0.331" /><testcase classname="cookbook.tests.api.test_api_import_log" name="test_update[arg4]" time="0.327" /><testcase classname="cookbook.tests.api.test_api_import_log" name="test_update[arg5]" time="0.327" /><testcase classname="cookbook.tests.api.test_api_import_log" name="test_update[arg6]" time="0.475" /><testcase classname="cookbook.tests.api.test_api_import_log" name="test_delete" time="0.575" /><testcase classname="cookbook.tests.api.test_api_ingredient" name="test_list_permission[arg0]" time="0.238" /><testcase classname="cookbook.tests.api.test_api_ingredient" name="test_list_permission[arg1]" time="0.261" /><testcase classname="cookbook.tests.api.test_api_ingredient" name="test_list_permission[arg2]" time="0.263" /><testcase classname="cookbook.tests.api.test_api_ingredient" name="test_list_permission[arg3]" time="0.418" /><testcase classname="cookbook.tests.api.test_api_ingredient" name="test_list_space" time="0.888" /><testcase classname="cookbook.tests.api.test_api_ingredient" name="test_update[arg0]" time="0.304" /><testcase classname="cookbook.tests.api.test_api_ingredient" name="test_update[arg1]" time="0.327" /><testcase classname="cookbook.tests.api.test_api_ingredient" name="test_update[arg2]" time="0.336" /><testcase classname="cookbook.tests.api.test_api_ingredient" name="test_update[arg3]" time="0.502" /><testcase classname="cookbook.tests.api.test_api_ingredient" name="test_update[arg4]" time="0.327" /><testcase classname="cookbook.tests.api.test_api_ingredient" name="test_update[arg5]" time="0.329" /><testcase classname="cookbook.tests.api.test_api_ingredient" name="test_update[arg6]" time="0.327" /><testcase classname="cookbook.tests.api.test_api_ingredient" name="test_add[arg0]" time="0.249" /><testcase classname="cookbook.tests.api.test_api_ingredient" name="test_add[arg1]" time="0.423" /><testcase classname="cookbook.tests.api.test_api_ingredient" name="test_add[arg2]" time="0.557" /><testcase classname="cookbook.tests.api.test_api_ingredient" name="test_add[arg3]" time="0.559" /><testcase classname="cookbook.tests.api.test_api_ingredient" name="test_delete" time="0.732" /><testcase classname="cookbook.tests.api.test_api_invitelinke" name="test_list_permission[arg0]" time="0.275" /><testcase classname="cookbook.tests.api.test_api_invitelinke" name="test_list_permission[arg1]" time="0.287" /><testcase classname="cookbook.tests.api.test_api_invitelinke" name="test_list_permission[arg2]" time="0.283" /><testcase classname="cookbook.tests.api.test_api_invitelinke" name="test_list_permission[arg3]" time="0.293" /><testcase classname="cookbook.tests.api.test_api_invitelinke" name="test_list_permission[arg4]" time="0.294" /><testcase classname="cookbook.tests.api.test_api_invitelinke" name="test_update[arg0]" time="0.269" /><testcase classname="cookbook.tests.api.test_api_invitelinke" name="test_update[arg1]" time="0.451" /><testcase classname="cookbook.tests.api.test_api_invitelinke" name="test_update[arg2]" time="0.271" /><testcase classname="cookbook.tests.api.test_api_invitelinke" name="test_update[arg3]" time="0.285" /><testcase classname="cookbook.tests.api.test_api_invitelinke" name="test_update[arg4]" time="0.283" /><testcase classname="cookbook.tests.api.test_api_invitelinke" name="test_update[arg5]" time="0.285" /><testcase classname="cookbook.tests.api.test_api_invitelinke" name="test_update[arg6]" time="0.282" /><testcase classname="cookbook.tests.api.test_api_invitelinke" name="test_add[arg0]" time="0.407" /><testcase classname="cookbook.tests.api.test_api_invitelinke" name="test_add[arg1]" time="0.272" /><testcase classname="cookbook.tests.api.test_api_invitelinke" name="test_add[arg2]" time="0.269" /><testcase classname="cookbook.tests.api.test_api_invitelinke" name="test_add[arg3]" time="0.268" /><testcase classname="cookbook.tests.api.test_api_invitelinke" name="test_add[arg4]" time="0.268" /><testcase classname="cookbook.tests.api.test_api_invitelinke" name="test_delete" time="0.924" /><testcase classname="cookbook.tests.api.test_api_keyword" name="test_list_permission[arg0]" time="0.241" /><testcase classname="cookbook.tests.api.test_api_keyword" name="test_list_permission[arg1]" time="0.261" /><testcase classname="cookbook.tests.api.test_api_keyword" name="test_list_permission[arg2]" time="0.266" /><testcase classname="cookbook.tests.api.test_api_keyword" name="test_list_permission[arg3]" time="0.267" /><testcase classname="cookbook.tests.api.test_api_keyword" name="test_list_space" time="0.716" /><testcase classname="cookbook.tests.api.test_api_keyword" name="test_list_filter" time="0.342" /><testcase classname="cookbook.tests.api.test_api_keyword" name="test_update[arg0]" time="0.242" /><testcase classname="cookbook.tests.api.test_api_keyword" name="test_update[arg1]" time="0.264" /><testcase classname="cookbook.tests.api.test_api_keyword" name="test_update[arg2]" time="0.419" /><testcase classname="cookbook.tests.api.test_api_keyword" name="test_update[arg3]" time="0.271" /><testcase classname="cookbook.tests.api.test_api_keyword" name="test_update[arg4]" time="0.266" /><testcase classname="cookbook.tests.api.test_api_keyword" name="test_update[arg5]" time="0.274" /><testcase classname="cookbook.tests.api.test_api_keyword" name="test_update[arg6]" time="0.272" /><testcase classname="cookbook.tests.api.test_api_keyword" name="test_add[arg0]" time="0.252" /><testcase classname="cookbook.tests.api.test_api_keyword" name="test_add[arg1]" time="0.274" /><testcase classname="cookbook.tests.api.test_api_keyword" name="test_add[arg2]" time="0.705" /><testcase classname="cookbook.tests.api.test_api_keyword" name="test_add[arg3]" time="0.545" /><testcase classname="cookbook.tests.api.test_api_keyword" name="test_add_duplicate" time="0.732" /><testcase classname="cookbook.tests.api.test_api_keyword" name="test_delete" time="0.547" /><testcase classname="cookbook.tests.api.test_api_keyword" name="test_move" time="0.345" /><testcase classname="cookbook.tests.api.test_api_keyword" name="test_merge" time="0.624" /><testcase classname="cookbook.tests.api.test_api_keyword" name="test_root_filter" time="0.363" /><testcase classname="cookbook.tests.api.test_api_keyword" name="test_tree_filter" time="0.303" /><testcase classname="cookbook.tests.api.test_api_meal_plan" name="test_list_permission[arg0]" time="0.416" /><testcase classname="cookbook.tests.api.test_api_meal_plan" name="test_list_permission[arg1]" time="0.258" /><testcase classname="cookbook.tests.api.test_api_meal_plan" name="test_list_permission[arg2]" time="0.258" /><testcase classname="cookbook.tests.api.test_api_meal_plan" name="test_list_permission[arg3]" time="0.258" /><testcase classname="cookbook.tests.api.test_api_meal_plan" name="test_list_space" time="0.813" /><testcase classname="cookbook.tests.api.test_api_meal_plan" name="test_list_filter" time="0.386" /><testcase classname="cookbook.tests.api.test_api_meal_plan" name="test_update[arg0]" time="0.313" /><testcase classname="cookbook.tests.api.test_api_meal_plan" name="test_update[arg1]" time="0.330" /><testcase classname="cookbook.tests.api.test_api_meal_plan" name="test_update[arg2]" time="0.334" /><testcase classname="cookbook.tests.api.test_api_meal_plan" name="test_update[arg3]" time="0.328" /><testcase classname="cookbook.tests.api.test_api_meal_plan" name="test_update[arg4]" time="0.329" /><testcase classname="cookbook.tests.api.test_api_meal_plan" name="test_update[arg5]" time="0.523" /><testcase classname="cookbook.tests.api.test_api_meal_plan" name="test_update[arg6]" time="0.333" /><testcase classname="cookbook.tests.api.test_api_meal_plan" name="test_add[arg0]" time="0.319" /><testcase classname="cookbook.tests.api.test_api_meal_plan" name="test_add[arg1]" time="0.614" /><testcase classname="cookbook.tests.api.test_api_meal_plan" name="test_add[arg2]" time="0.758" /><testcase classname="cookbook.tests.api.test_api_meal_plan" name="test_add[arg3]" time="0.613" /><testcase classname="cookbook.tests.api.test_api_meal_plan" name="test_delete" time="0.573" /><testcase classname="cookbook.tests.api.test_api_meal_plan" name="test_add_with_shopping" time="0.647" /><testcase classname="cookbook.tests.api.test_api_meal_type" name="test_list_permission[arg0]" time="0.236" /><testcase classname="cookbook.tests.api.test_api_meal_type" name="test_list_permission[arg1]" time="0.255" /><testcase classname="cookbook.tests.api.test_api_meal_type" name="test_list_permission[arg2]" time="0.255" /><testcase classname="cookbook.tests.api.test_api_meal_type" name="test_list_permission[arg3]" time="0.254" /><testcase classname="cookbook.tests.api.test_api_meal_type" name="test_list_space" time="0.529" /><testcase classname="cookbook.tests.api.test_api_meal_type" name="test_update[arg0]" time="0.423" /><testcase classname="cookbook.tests.api.test_api_meal_type" name="test_update[arg1]" time="0.270" /><testcase classname="cookbook.tests.api.test_api_meal_type" name="test_update[arg2]" time="0.261" /><testcase classname="cookbook.tests.api.test_api_meal_type" name="test_update[arg3]" time="0.270" /><testcase classname="cookbook.tests.api.test_api_meal_type" name="test_update[arg4]" time="0.272" /><testcase classname="cookbook.tests.api.test_api_meal_type" name="test_update[arg5]" time="0.270" /><testcase classname="cookbook.tests.api.test_api_meal_type" name="test_update[arg6]" time="0.415" /><testcase classname="cookbook.tests.api.test_api_meal_type" name="test_add[arg0]" time="0.248" /><testcase classname="cookbook.tests.api.test_api_meal_type" name="test_add[arg1]" time="0.514" /><testcase classname="cookbook.tests.api.test_api_meal_type" name="test_add[arg2]" time="0.515" /><testcase classname="cookbook.tests.api.test_api_meal_type" name="test_add[arg3]" time="0.667" /><testcase classname="cookbook.tests.api.test_api_meal_type" name="test_add_duplicate" time="0.511" /><testcase classname="cookbook.tests.api.test_api_meal_type" name="test_delete" time="0.511" /><testcase classname="cookbook.tests.api.test_api_property" name="test_list_permission[arg0]" time="0.237" /><testcase classname="cookbook.tests.api.test_api_property" name="test_list_permission[arg1]" time="0.427" /><testcase classname="cookbook.tests.api.test_api_property" name="test_list_permission[arg2]" time="0.259" /><testcase classname="cookbook.tests.api.test_api_property" name="test_list_permission[arg3]" time="0.260" /><testcase classname="cookbook.tests.api.test_api_property" name="test_list_space" time="0.551" /><testcase classname="cookbook.tests.api.test_api_property" name="test_update[arg0]" time="0.253" /><testcase classname="cookbook.tests.api.test_api_property" name="test_update[arg1]" time="0.427" /><testcase classname="cookbook.tests.api.test_api_property" name="test_update[arg2]" time="0.266" /><testcase classname="cookbook.tests.api.test_api_property" name="test_update[arg3]" time="0.276" /><testcase classname="cookbook.tests.api.test_api_property" name="test_update[arg4]" time="0.274" /><testcase classname="cookbook.tests.api.test_api_property" name="test_update[arg5]" time="0.274" /><testcase classname="cookbook.tests.api.test_api_property" name="test_update[arg6]" time="0.274" /><testcase classname="cookbook.tests.api.test_api_property" name="test_add[arg0]" time="0.419" /><testcase classname="cookbook.tests.api.test_api_property" name="test_add[arg1]" time="0.272" /><testcase classname="cookbook.tests.api.test_api_property" name="test_add[arg2]" time="0.541" /><testcase classname="cookbook.tests.api.test_api_property" name="test_add[arg3]" time="0.540" /><testcase classname="cookbook.tests.api.test_api_property" name="test_delete" time="0.690" /><testcase classname="cookbook.tests.api.test_api_property_type" name="test_list_permission[arg0]" time="0.240" /><testcase classname="cookbook.tests.api.test_api_property_type" name="test_list_permission[arg1]" time="0.262" /><testcase classname="cookbook.tests.api.test_api_property_type" name="test_list_permission[arg2]" time="0.262" /><testcase classname="cookbook.tests.api.test_api_property_type" name="test_list_permission[arg3]" time="0.262" /><testcase classname="cookbook.tests.api.test_api_property_type" name="test_list_space" time="0.707" /><testcase classname="cookbook.tests.api.test_api_property_type" name="test_update[arg0]" time="0.252" /><testcase classname="cookbook.tests.api.test_api_property_type" name="test_update[arg1]" time="0.273" /><testcase classname="cookbook.tests.api.test_api_property_type" name="test_update[arg2]" time="0.263" /><testcase classname="cookbook.tests.api.test_api_property_type" name="test_update[arg3]" time="0.275" /><testcase classname="cookbook.tests.api.test_api_property_type" name="test_update[arg4]" time="0.273" /><testcase classname="cookbook.tests.api.test_api_property_type" name="test_update[arg5]" time="0.443" /><testcase classname="cookbook.tests.api.test_api_property_type" name="test_update[arg6]" time="0.276" /><testcase classname="cookbook.tests.api.test_api_property_type" name="test_add[arg0]" time="0.251" /><testcase classname="cookbook.tests.api.test_api_property_type" name="test_add[arg1]" time="0.272" /><testcase classname="cookbook.tests.api.test_api_property_type" name="test_add[arg2]" time="0.530" /><testcase classname="cookbook.tests.api.test_api_property_type" name="test_add[arg3]" time="0.690" /><testcase classname="cookbook.tests.api.test_api_property_type" name="test_add_duplicate" time="0.526" /><testcase classname="cookbook.tests.api.test_api_property_type" name="test_delete" time="0.516" /><testcase classname="cookbook.tests.api.test_api_recipe" name="test_list_permission[arg0]" time="0.238" /><testcase classname="cookbook.tests.api.test_api_recipe" name="test_list_permission[arg1]" time="0.438" /><testcase classname="cookbook.tests.api.test_api_recipe" name="test_list_permission[arg2]" time="0.264" /><testcase classname="cookbook.tests.api.test_api_recipe" name="test_list_permission[arg3]" time="0.265" /><testcase classname="cookbook.tests.api.test_api_recipe" name="test_list_space" time="0.674" /><testcase classname="cookbook.tests.api.test_api_recipe" name="test_share_permission" time="2.745" /><testcase classname="cookbook.tests.api.test_api_recipe" name="test_update[arg0]" time="0.299" /><testcase classname="cookbook.tests.api.test_api_recipe" name="test_update[arg1]" time="0.329" /><testcase classname="cookbook.tests.api.test_api_recipe" name="test_update[arg2]" time="0.495" /><testcase classname="cookbook.tests.api.test_api_recipe" name="test_update[arg3]" time="0.677" /><testcase classname="cookbook.tests.api.test_api_recipe" name="test_update[arg4]" time="0.331" /><testcase classname="cookbook.tests.api.test_api_recipe" name="test_update[arg5]" time="0.332" /><testcase classname="cookbook.tests.api.test_api_recipe" name="test_update[arg6]" time="0.330" /><testcase classname="cookbook.tests.api.test_api_recipe" name="test_update_share" time="0.672" /><testcase classname="cookbook.tests.api.test_api_recipe" name="test_update_private_recipe" time="1.424" /><testcase classname="cookbook.tests.api.test_api_recipe" name="test_add[arg0]" time="0.252" /><testcase classname="cookbook.tests.api.test_api_recipe" name="test_add[arg1]" time="0.290" /><testcase classname="cookbook.tests.api.test_api_recipe" name="test_add[arg2]" time="0.936" /><testcase classname="cookbook.tests.api.test_api_recipe" name="test_add[arg3]" time="1.119" /><testcase classname="cookbook.tests.api.test_api_recipe" name="test_delete" time="1.055" /><testcase classname="cookbook.tests.api.test_api_recipe_book" name="test_list_permission[arg0]" time="0.238" /><testcase classname="cookbook.tests.api.test_api_recipe_book" name="test_list_permission[arg1]" time="0.425" /><testcase classname="cookbook.tests.api.test_api_recipe_book" name="test_list_permission[arg2]" time="0.257" /><testcase classname="cookbook.tests.api.test_api_recipe_book" name="test_list_permission[arg3]" time="0.257" /><testcase classname="cookbook.tests.api.test_api_recipe_book" name="test_list_space" time="0.540" /><testcase classname="cookbook.tests.api.test_api_recipe_book" name="test_list_filter" time="0.300" /><testcase classname="cookbook.tests.api.test_api_recipe_book" name="test_update[arg0]" time="0.415" /><testcase classname="cookbook.tests.api.test_api_recipe_book" name="test_update[arg1]" time="0.269" /><testcase classname="cookbook.tests.api.test_api_recipe_book" name="test_update[arg2]" time="0.264" /><testcase classname="cookbook.tests.api.test_api_recipe_book" name="test_update[arg3]" time="0.272" /><testcase classname="cookbook.tests.api.test_api_recipe_book" name="test_update[arg4]" time="0.273" /><testcase classname="cookbook.tests.api.test_api_recipe_book" name="test_update[arg5]" time="0.270" /><testcase classname="cookbook.tests.api.test_api_recipe_book" name="test_update[arg6]" time="0.432" /><testcase classname="cookbook.tests.api.test_api_recipe_book" name="test_add[arg0]" time="0.249" /><testcase classname="cookbook.tests.api.test_api_recipe_book" name="test_add[arg1]" time="0.528" /><testcase classname="cookbook.tests.api.test_api_recipe_book" name="test_add[arg2]" time="0.521" /><testcase classname="cookbook.tests.api.test_api_recipe_book" name="test_add[arg3]" time="0.685" /><testcase classname="cookbook.tests.api.test_api_recipe_book" name="test_delete" time="0.514" /><testcase classname="cookbook.tests.api.test_api_recipe_book_entry" name="test_list_permission[arg0]" time="0.238" /><testcase classname="cookbook.tests.api.test_api_recipe_book_entry" name="test_list_permission[arg1]" time="0.254" /><testcase classname="cookbook.tests.api.test_api_recipe_book_entry" name="test_list_permission[arg2]" time="0.254" /><testcase classname="cookbook.tests.api.test_api_recipe_book_entry" name="test_list_permission[arg3]" time="0.255" /><testcase classname="cookbook.tests.api.test_api_recipe_book_entry" name="test_list_space" time="0.784" /><testcase classname="cookbook.tests.api.test_api_recipe_book_entry" name="test_update[arg0]" time="0.357" /><testcase classname="cookbook.tests.api.test_api_recipe_book_entry" name="test_update[arg1]" time="0.375" /><testcase classname="cookbook.tests.api.test_api_recipe_book_entry" name="test_update[arg2]" time="0.373" /><testcase classname="cookbook.tests.api.test_api_recipe_book_entry" name="test_update[arg3]" time="0.371" /><testcase classname="cookbook.tests.api.test_api_recipe_book_entry" name="test_update[arg4]" time="0.374" /><testcase classname="cookbook.tests.api.test_api_recipe_book_entry" name="test_update[arg5]" time="0.537" /><testcase classname="cookbook.tests.api.test_api_recipe_book_entry" name="test_update[arg6]" time="0.373" /><testcase classname="cookbook.tests.api.test_api_recipe_book_entry" name="test_add[arg0]" time="0.365" /><testcase classname="cookbook.tests.api.test_api_recipe_book_entry" name="test_add[arg1]" time="0.387" /><testcase classname="cookbook.tests.api.test_api_recipe_book_entry" name="test_add[arg2]" time="0.639" /><testcase classname="cookbook.tests.api.test_api_recipe_book_entry" name="test_add[arg3]" time="0.550" /><testcase classname="cookbook.tests.api.test_api_recipe_book_entry" name="test_add_duplicate" time="0.320" /><testcase classname="cookbook.tests.api.test_api_recipe_book_entry" name="test_delete" time="0.563" /><testcase classname="cookbook.tests.api.test_api_related_recipe" name="test_get_related_recipes[recipe0-0-arg0]" time="0.411" /><testcase classname="cookbook.tests.api.test_api_related_recipe" name="test_get_related_recipes[recipe0-0-arg1]" time="0.397" /><testcase classname="cookbook.tests.api.test_api_related_recipe" name="test_get_related_recipes[recipe0-0-arg2]" time="0.361" /><testcase classname="cookbook.tests.api.test_api_related_recipe" name="test_get_related_recipes[recipe0-0-arg3]" time="0.573" /><testcase classname="cookbook.tests.api.test_api_related_recipe" name="test_get_related_recipes[recipe1-1-arg0]" time="0.498" /><testcase classname="cookbook.tests.api.test_api_related_recipe" name="test_get_related_recipes[recipe1-1-arg1]" time="0.487" /><testcase classname="cookbook.tests.api.test_api_related_recipe" name="test_get_related_recipes[recipe1-1-arg2]" time="0.456" /><testcase classname="cookbook.tests.api.test_api_related_recipe" name="test_get_related_recipes[recipe1-1-arg3]" time="0.502" /><testcase classname="cookbook.tests.api.test_api_related_recipe" name="test_get_related_recipes[recipe2-1-arg0]" time="0.498" /><testcase classname="cookbook.tests.api.test_api_related_recipe" name="test_get_related_recipes[recipe2-1-arg1]" time="0.647" /><testcase classname="cookbook.tests.api.test_api_related_recipe" name="test_get_related_recipes[recipe2-1-arg2]" time="0.450" /><testcase classname="cookbook.tests.api.test_api_related_recipe" name="test_get_related_recipes[recipe2-1-arg3]" time="0.497" /><testcase classname="cookbook.tests.api.test_api_related_recipe" name="test_get_related_recipes[recipe3-2-arg0]" time="0.589" /><testcase classname="cookbook.tests.api.test_api_related_recipe" name="test_get_related_recipes[recipe3-2-arg1]" time="0.575" /><testcase classname="cookbook.tests.api.test_api_related_recipe" name="test_get_related_recipes[recipe3-2-arg2]" time="0.540" /><testcase classname="cookbook.tests.api.test_api_related_recipe" name="test_get_related_recipes[recipe3-2-arg3]" time="0.752" /><testcase classname="cookbook.tests.api.test_api_related_recipe" name="test_related_mixed_space[recipe0]" time="0.467" /><testcase classname="cookbook.tests.api.test_api_related_recipe" name="test_related_mixed_space[recipe1]" time="0.469" /><testcase classname="cookbook.tests.api.test_api_related_recipe" name="test_related_mixed_space[recipe2]" time="0.555" /><testcase classname="cookbook.tests.api.test_api_share_link" name="test_get_share_link" time="1.249" /><testcase classname="cookbook.tests.api.test_api_shopping_list" name="test_list_permission[arg0]" time="0.237" /><testcase classname="cookbook.tests.api.test_api_shopping_list" name="test_list_permission[arg1]" time="0.258" /><testcase classname="cookbook.tests.api.test_api_shopping_list" name="test_list_permission[arg2]" time="0.255" /><testcase classname="cookbook.tests.api.test_api_shopping_list" name="test_list_permission[arg3]" time="0.254" /><testcase classname="cookbook.tests.api.test_api_shopping_list" name="test_list_space" time="0.735" /><testcase classname="cookbook.tests.api.test_api_shopping_list" name="test_share" time="0.812" /><testcase classname="cookbook.tests.api.test_api_shopping_list" name="test_new_share" time="0.818" /><testcase classname="cookbook.tests.api.test_api_shopping_list" name="test_update[arg0]" time="0.440" /><testcase classname="cookbook.tests.api.test_api_shopping_list" name="test_update[arg1]" time="0.270" /><testcase classname="cookbook.tests.api.test_api_shopping_list" name="test_update[arg2]" time="0.273" /><testcase classname="cookbook.tests.api.test_api_shopping_list" name="test_update[arg3]" time="0.271" /><testcase classname="cookbook.tests.api.test_api_shopping_list" name="test_update[arg4]" time="0.273" /><testcase classname="cookbook.tests.api.test_api_shopping_list" name="test_update[arg5]" time="0.272" /><testcase classname="cookbook.tests.api.test_api_shopping_list" name="test_update[arg6]" time="0.271" /><testcase classname="cookbook.tests.api.test_api_shopping_list" name="test_add[arg0]" time="0.407" /><testcase classname="cookbook.tests.api.test_api_shopping_list" name="test_add[arg1]" time="0.263" /><testcase classname="cookbook.tests.api.test_api_shopping_list" name="test_add[arg2]" time="0.264" /><testcase classname="cookbook.tests.api.test_api_shopping_list" name="test_add[arg3]" time="0.263" /><testcase classname="cookbook.tests.api.test_api_shopping_list" name="test_delete" time="0.510" /><testcase classname="cookbook.tests.api.test_api_shopping_list_entry" name="test_list_permission[arg0]" time="0.241" /><testcase classname="cookbook.tests.api.test_api_shopping_list_entry" name="test_list_permission[arg1]" time="0.424" /><testcase classname="cookbook.tests.api.test_api_shopping_list_entry" name="test_list_permission[arg2]" time="0.254" /><testcase classname="cookbook.tests.api.test_api_shopping_list_entry" name="test_list_permission[arg3]" time="0.257" /><testcase classname="cookbook.tests.api.test_api_shopping_list_entry" name="test_list_space" time="0.587" /><testcase classname="cookbook.tests.api.test_api_shopping_list_entry" name="test_update[arg0]" time="0.262" /><testcase classname="cookbook.tests.api.test_api_shopping_list_entry" name="test_update[arg1]" time="0.282" /><testcase classname="cookbook.tests.api.test_api_shopping_list_entry" name="test_update[arg2]" time="0.461" /><testcase classname="cookbook.tests.api.test_api_shopping_list_entry" name="test_update[arg3]" time="0.278" /><testcase classname="cookbook.tests.api.test_api_shopping_list_entry" name="test_update[arg4]" time="0.283" /><testcase classname="cookbook.tests.api.test_api_shopping_list_entry" name="test_update[arg5]" time="0.279" /><testcase classname="cookbook.tests.api.test_api_shopping_list_entry" name="test_update[arg6]" time="0.279" /><testcase classname="cookbook.tests.api.test_api_shopping_list_entry" name="test_add[arg0]" time="0.260" /><testcase classname="cookbook.tests.api.test_api_shopping_list_entry" name="test_add[arg1]" time="0.295" /><testcase classname="cookbook.tests.api.test_api_shopping_list_entry" name="test_add[arg2]" time="0.455" /><testcase classname="cookbook.tests.api.test_api_shopping_list_entry" name="test_add[arg3]" time="0.293" /><testcase classname="cookbook.tests.api.test_api_shopping_list_entry" name="test_delete" time="0.527" /><testcase classname="cookbook.tests.api.test_api_shopping_list_entryv2" name="test_list_permission[arg0]" time="0.236" /><testcase classname="cookbook.tests.api.test_api_shopping_list_entryv2" name="test_list_permission[arg1]" time="0.257" /><testcase classname="cookbook.tests.api.test_api_shopping_list_entryv2" name="test_list_permission[arg2]" time="0.256" /><testcase classname="cookbook.tests.api.test_api_shopping_list_entryv2" name="test_list_permission[arg3]" time="0.435" /><testcase classname="cookbook.tests.api.test_api_shopping_list_entryv2" name="test_list_space" time="0.693" /><testcase classname="cookbook.tests.api.test_api_shopping_list_entryv2" name="test_get_detail" time="0.363" /><testcase classname="cookbook.tests.api.test_api_shopping_list_entryv2" name="test_update[arg0]" time="0.323" /><testcase classname="cookbook.tests.api.test_api_shopping_list_entryv2" name="test_update[arg1]" time="0.341" /><testcase classname="cookbook.tests.api.test_api_shopping_list_entryv2" name="test_update[arg2]" time="0.355" /><testcase classname="cookbook.tests.api.test_api_shopping_list_entryv2" name="test_update[arg3]" time="0.529" /><testcase classname="cookbook.tests.api.test_api_shopping_list_entryv2" name="test_update[arg4]" time="0.342" /><testcase classname="cookbook.tests.api.test_api_shopping_list_entryv2" name="test_update[arg5]" time="0.343" /><testcase classname="cookbook.tests.api.test_api_shopping_list_entryv2" name="test_update[arg6]" time="0.345" /><testcase classname="cookbook.tests.api.test_api_shopping_list_entryv2" name="test_add[arg0]" time="0.328" /><testcase classname="cookbook.tests.api.test_api_shopping_list_entryv2" name="test_add[arg1]" time="0.359" /><testcase classname="cookbook.tests.api.test_api_shopping_list_entryv2" name="test_add[arg2]" time="0.525" /><testcase classname="cookbook.tests.api.test_api_shopping_list_entryv2" name="test_add[arg3]" time="0.357" /><testcase classname="cookbook.tests.api.test_api_shopping_list_entryv2" name="test_delete" time="0.596" /><testcase classname="cookbook.tests.api.test_api_shopping_list_entryv2" name="test_sharing[g1_s1-20-sle_20]" time="1.134" /><testcase classname="cookbook.tests.api.test_api_shopping_list_entryv2" name="test_sharing[g1_s2-10-sle_21]" time="1.179" /><testcase classname="cookbook.tests.api.test_api_shopping_list_entryv2" name="test_sharing[u2_s1-20-sle_22]" time="1.132" /><testcase classname="cookbook.tests.api.test_api_shopping_list_entryv2" name="test_sharing[u1_s2-10-sle_23]" time="0.995" /><testcase classname="cookbook.tests.api.test_api_shopping_list_entryv2" name="test_sharing[a1_s1-20-sle_24]" time="1.319" /><testcase classname="cookbook.tests.api.test_api_shopping_list_entryv2" name="test_sharing[a1_s2-10-sle_25]" time="1.001" /><testcase classname="cookbook.tests.api.test_api_shopping_list_entryv2" name="test_completed" time="0.756" /><testcase classname="cookbook.tests.api.test_api_shopping_list_entryv2" name="test_recent" time="0.501" /><testcase classname="cookbook.tests.api.test_api_shopping_list_recipe" name="test_list_permission[arg0]" time="0.238" /><testcase classname="cookbook.tests.api.test_api_shopping_list_recipe" name="test_list_permission[arg1]" time="0.258" /><testcase classname="cookbook.tests.api.test_api_shopping_list_recipe" name="test_list_permission[arg2]" time="0.256" /><testcase classname="cookbook.tests.api.test_api_shopping_list_recipe" name="test_list_permission[arg3]" time="0.256" /><testcase classname="cookbook.tests.api.test_api_shopping_list_recipe" name="test_list_space" time="0.590" /><testcase classname="cookbook.tests.api.test_api_shopping_list_recipe" name="test_update[arg0]" time="0.487" /><testcase classname="cookbook.tests.api.test_api_shopping_list_recipe" name="test_update[arg1]" time="0.324" /><testcase classname="cookbook.tests.api.test_api_shopping_list_recipe" name="test_update[arg2]" time="0.328" /><testcase classname="cookbook.tests.api.test_api_shopping_list_recipe" name="test_update[arg3]" time="0.324" /><testcase classname="cookbook.tests.api.test_api_shopping_list_recipe" name="test_update[arg4]" time="0.324" /><testcase classname="cookbook.tests.api.test_api_shopping_list_recipe" name="test_update[arg5]" time="0.324" /><testcase classname="cookbook.tests.api.test_api_shopping_list_recipe" name="test_update[arg6]" time="0.519" /><testcase classname="cookbook.tests.api.test_api_shopping_list_recipe" name="test_add[arg0]" time="0.306" /><testcase classname="cookbook.tests.api.test_api_shopping_list_recipe" name="test_add[arg1]" time="0.326" /><testcase classname="cookbook.tests.api.test_api_shopping_list_recipe" name="test_add[arg2]" time="0.315" /><testcase classname="cookbook.tests.api.test_api_shopping_list_recipe" name="test_add[arg3]" time="0.326" /><testcase classname="cookbook.tests.api.test_api_shopping_list_recipe" name="test_delete" time="0.569" /><testcase classname="cookbook.tests.api.test_api_shopping_recipe" name="test_shopping_recipe_method[recipe0-10-arg0]" time="0.386" /><testcase classname="cookbook.tests.api.test_api_shopping_recipe" name="test_shopping_recipe_method[recipe0-10-arg1]" time="1.075" /><testcase classname="cookbook.tests.api.test_api_shopping_recipe" name="test_shopping_recipe_method[recipe0-10-arg2]" time="0.393" /><testcase classname="cookbook.tests.api.test_api_shopping_recipe" name="test_shopping_recipe_method[recipe0-10-arg3]" time="1.142" /><testcase classname="cookbook.tests.api.test_api_shopping_recipe" name="test_shopping_recipe_method[recipe1-20-arg0]" time="0.683" /><testcase classname="cookbook.tests.api.test_api_shopping_recipe" name="test_shopping_recipe_method[recipe1-20-arg1]" time="1.088" /><testcase classname="cookbook.tests.api.test_api_shopping_recipe" name="test_shopping_recipe_method[recipe1-20-arg2]" time="0.490" /><testcase classname="cookbook.tests.api.test_api_shopping_recipe" name="test_shopping_recipe_method[recipe1-20-arg3]" time="1.535" /><testcase classname="cookbook.tests.api.test_api_shopping_recipe" name="test_shopping_recipe_method[recipe2-19-arg0]" time="0.479" /><testcase classname="cookbook.tests.api.test_api_shopping_recipe" name="test_shopping_recipe_method[recipe2-19-arg1]" time="1.073" /><testcase classname="cookbook.tests.api.test_api_shopping_recipe" name="test_shopping_recipe_method[recipe2-19-arg2]" time="0.486" /><testcase classname="cookbook.tests.api.test_api_shopping_recipe" name="test_shopping_recipe_method[recipe2-19-arg3]" time="1.539" /><testcase classname="cookbook.tests.api.test_api_shopping_recipe" name="test_shopping_recipe_method[recipe3-29-arg0]" time="0.573" /><testcase classname="cookbook.tests.api.test_api_shopping_recipe" name="test_shopping_recipe_method[recipe3-29-arg1]" time="1.276" /><testcase classname="cookbook.tests.api.test_api_shopping_recipe" name="test_shopping_recipe_method[recipe3-29-arg2]" time="0.578" /><testcase classname="cookbook.tests.api.test_api_shopping_recipe" name="test_shopping_recipe_method[recipe3-29-arg3]" time="1.742" /><testcase classname="cookbook.tests.api.test_api_shopping_recipe" name="test_shopping_recipe_edit[False-recipe0-10]" time="1.590" /><testcase classname="cookbook.tests.api.test_api_shopping_recipe" name="test_shopping_recipe_edit[False-recipe1-20]" time="2.317" /><testcase classname="cookbook.tests.api.test_api_shopping_recipe" name="test_shopping_recipe_edit[False-recipe2-19]" time="2.268" /><testcase classname="cookbook.tests.api.test_api_shopping_recipe" name="test_shopping_recipe_edit[False-recipe3-29]" time="2.586" /><testcase classname="cookbook.tests.api.test_api_shopping_recipe" name="test_shopping_recipe_edit[True-recipe0-10]" time="1.651" /><testcase classname="cookbook.tests.api.test_api_shopping_recipe" name="test_shopping_recipe_edit[True-recipe1-20]" time="1.967" /><testcase classname="cookbook.tests.api.test_api_shopping_recipe" name="test_shopping_recipe_edit[True-recipe2-19]" time="2.081" /><testcase classname="cookbook.tests.api.test_api_shopping_recipe" name="test_shopping_recipe_edit[True-recipe3-29]" time="2.405" /><testcase classname="cookbook.tests.api.test_api_shopping_recipe" name="test_shopping_recipe_userpreference[recipe0-False-user20-sle_count0]" time="0.911" /><testcase classname="cookbook.tests.api.test_api_shopping_recipe" name="test_shopping_recipe_userpreference[recipe0-False-user21-sle_count1]" time="0.607" /><testcase classname="cookbook.tests.api.test_api_shopping_recipe" name="test_shopping_recipe_userpreference[recipe0-False-user22-sle_count2]" time="0.690" /><testcase classname="cookbook.tests.api.test_api_shopping_recipe" name="test_shopping_recipe_userpreference[recipe0-False-user23-sle_count3]" time="0.612" /><testcase classname="cookbook.tests.api.test_api_shopping_recipe" name="test_shopping_recipe_userpreference[recipe0-True-user20-sle_count0]" time="0.474" /><testcase classname="cookbook.tests.api.test_api_shopping_recipe" name="test_shopping_recipe_userpreference[recipe0-True-user21-sle_count1]" time="0.543" /><testcase classname="cookbook.tests.api.test_api_shopping_recipe" name="test_shopping_recipe_userpreference[recipe0-True-user22-sle_count2]" time="0.829" /><testcase classname="cookbook.tests.api.test_api_shopping_recipe" name="test_shopping_recipe_userpreference[recipe0-True-user23-sle_count3]" time="0.546" /><testcase classname="cookbook.tests.api.test_api_shopping_recipe" name="test_shopping_recipe_mixed_authors" time="1.088" /><testcase classname="cookbook.tests.api.test_api_shopping_recipe" name="test_shopping_with_header_ingredient[recipe0]" time="0.670" /><testcase classname="cookbook.tests.api.test_api_space" name="test_list_permission[arg0]" time="0.258" /><testcase classname="cookbook.tests.api.test_api_space" name="test_list_permission[arg1]" time="0.494" /><testcase classname="cookbook.tests.api.test_api_space" name="test_list_permission[arg2]" time="0.278" /><testcase classname="cookbook.tests.api.test_api_space" name="test_list_permission[arg3]" time="0.273" /><testcase classname="cookbook.tests.api.test_api_space" name="test_list_permission[arg4]" time="0.279" /><testcase classname="cookbook.tests.api.test_api_space" name="test_update[arg0]" time="0.253" /><testcase classname="cookbook.tests.api.test_api_space" name="test_update[arg1]" time="0.274" /><testcase classname="cookbook.tests.api.test_api_space" name="test_update[arg2]" time="0.277" /><testcase classname="cookbook.tests.api.test_api_space" name="test_update[arg3]" time="0.286" /><testcase classname="cookbook.tests.api.test_api_space" name="test_update[arg4]" time="0.476" /><testcase classname="cookbook.tests.api.test_api_space" name="test_update[arg5]" time="0.279" /><testcase classname="cookbook.tests.api.test_api_space" name="test_update[arg6]" time="0.276" /><testcase classname="cookbook.tests.api.test_api_space" name="test_add[arg0]" time="0.250" /><testcase classname="cookbook.tests.api.test_api_space" name="test_add[arg1]" time="0.273" /><testcase classname="cookbook.tests.api.test_api_space" name="test_add[arg2]" time="0.273" /><testcase classname="cookbook.tests.api.test_api_space" name="test_add[arg3]" time="0.273" /><testcase classname="cookbook.tests.api.test_api_space" name="test_delete" time="0.741" /><testcase classname="cookbook.tests.api.test_api_step" name="test_list_permission[arg0]" time="0.239" /><testcase classname="cookbook.tests.api.test_api_step" name="test_list_permission[arg1]" time="0.261" /><testcase classname="cookbook.tests.api.test_api_step" name="test_list_permission[arg2]" time="0.264" /><testcase classname="cookbook.tests.api.test_api_step" name="test_list_permission[arg3]" time="0.262" /><testcase classname="cookbook.tests.api.test_api_step" name="test_list_space" time="1.226" /><testcase classname="cookbook.tests.api.test_api_step" name="test_update[arg0]" time="0.305" /><testcase classname="cookbook.tests.api.test_api_step" name="test_update[arg1]" time="0.328" /><testcase classname="cookbook.tests.api.test_api_step" name="test_update[arg2]" time="0.422" /><testcase classname="cookbook.tests.api.test_api_step" name="test_update[arg3]" time="0.433" /><testcase classname="cookbook.tests.api.test_api_step" name="test_update[arg4]" time="0.332" /><testcase classname="cookbook.tests.api.test_api_step" name="test_update[arg5]" time="0.329" /><testcase classname="cookbook.tests.api.test_api_step" name="test_update[arg6]" time="0.328" /><testcase classname="cookbook.tests.api.test_api_step" name="test_add[arg0]" time="0.470" /><testcase classname="cookbook.tests.api.test_api_step" name="test_add[arg1]" time="0.272" /><testcase classname="cookbook.tests.api.test_api_step" name="test_add[arg2]" time="0.542" /><testcase classname="cookbook.tests.api.test_api_step" name="test_add[arg3]" time="0.541" /><testcase classname="cookbook.tests.api.test_api_step" name="test_delete" time="0.573" /><testcase classname="cookbook.tests.api.test_api_storage" name="test_list_permission[arg0]" time="0.444" /><testcase classname="cookbook.tests.api.test_api_storage" name="test_list_permission[arg1]" time="0.264" /><testcase classname="cookbook.tests.api.test_api_storage" name="test_list_permission[arg2]" time="0.262" /><testcase classname="cookbook.tests.api.test_api_storage" name="test_list_permission[arg3]" time="0.262" /><testcase classname="cookbook.tests.api.test_api_storage" name="test_list_space" time="0.566" /><testcase classname="cookbook.tests.api.test_api_storage" name="test_update[arg0]" time="0.257" /><testcase classname="cookbook.tests.api.test_api_storage" name="test_update[arg1]" time="0.496" /><testcase classname="cookbook.tests.api.test_api_storage" name="test_update[arg2]" time="0.264" /><testcase classname="cookbook.tests.api.test_api_storage" name="test_update[arg3]" time="0.282" /><testcase classname="cookbook.tests.api.test_api_storage" name="test_update[arg4]" time="0.279" /><testcase classname="cookbook.tests.api.test_api_storage" name="test_update[arg5]" time="0.279" /><testcase classname="cookbook.tests.api.test_api_storage" name="test_update[arg6]" time="0.276" /><testcase classname="cookbook.tests.api.test_api_storage" name="test_add[arg0]" time="0.266" /><testcase classname="cookbook.tests.api.test_api_storage" name="test_add[arg1]" time="0.287" /><testcase classname="cookbook.tests.api.test_api_storage" name="test_add[arg2]" time="0.474" /><testcase classname="cookbook.tests.api.test_api_storage" name="test_add[arg3]" time="0.543" /><testcase classname="cookbook.tests.api.test_api_storage" name="test_delete" time="0.532" /><testcase classname="cookbook.tests.api.test_api_supermarket" name="test_list_permission[arg0]" time="0.238" /><testcase classname="cookbook.tests.api.test_api_supermarket" name="test_list_permission[arg1]" time="0.260" /><testcase classname="cookbook.tests.api.test_api_supermarket" name="test_list_permission[arg2]" time="0.454" /><testcase classname="cookbook.tests.api.test_api_supermarket" name="test_list_permission[arg3]" time="0.261" /><testcase classname="cookbook.tests.api.test_api_supermarket" name="test_list_space" time="0.551" /><testcase classname="cookbook.tests.api.test_api_supermarket" name="test_list_filter" time="0.300" /><testcase classname="cookbook.tests.api.test_api_supermarket" name="test_update[arg0]" time="0.252" /><testcase classname="cookbook.tests.api.test_api_supermarket" name="test_update[arg1]" time="0.272" /><testcase classname="cookbook.tests.api.test_api_supermarket" name="test_update[arg2]" time="0.267" /><testcase classname="cookbook.tests.api.test_api_supermarket" name="test_update[arg3]" time="0.483" /><testcase classname="cookbook.tests.api.test_api_supermarket" name="test_update[arg4]" time="0.274" /><testcase classname="cookbook.tests.api.test_api_supermarket" name="test_update[arg5]" time="0.274" /><testcase classname="cookbook.tests.api.test_api_supermarket" name="test_update[arg6]" time="0.273" /><testcase classname="cookbook.tests.api.test_api_supermarket" name="test_add[arg0]" time="0.251" /><testcase classname="cookbook.tests.api.test_api_supermarket" name="test_add[arg1]" time="0.278" /><testcase classname="cookbook.tests.api.test_api_supermarket" name="test_add[arg2]" time="0.535" /><testcase classname="cookbook.tests.api.test_api_supermarket" name="test_add[arg3]" time="0.756" /><testcase classname="cookbook.tests.api.test_api_supermarket" name="test_delete" time="0.524" /><testcase classname="cookbook.tests.api.test_api_sync" name="test_list_permission[arg0]" time="0.239" /><testcase classname="cookbook.tests.api.test_api_sync" name="test_list_permission[arg1]" time="0.262" /><testcase classname="cookbook.tests.api.test_api_sync" name="test_list_permission[arg2]" time="0.260" /><testcase classname="cookbook.tests.api.test_api_sync" name="test_list_permission[arg3]" time="0.466" /><testcase classname="cookbook.tests.api.test_api_sync" name="test_list_space" time="0.558" /><testcase classname="cookbook.tests.api.test_api_sync" name="test_update[arg0]" time="0.254" /><testcase classname="cookbook.tests.api.test_api_sync" name="test_update[arg1]" time="0.278" /><testcase classname="cookbook.tests.api.test_api_sync" name="test_update[arg2]" time="0.266" /><testcase classname="cookbook.tests.api.test_api_sync" name="test_update[arg3]" time="0.278" /><testcase classname="cookbook.tests.api.test_api_sync" name="test_update[arg4]" time="0.276" /><testcase classname="cookbook.tests.api.test_api_sync" name="test_update[arg5]" time="0.493" /><testcase classname="cookbook.tests.api.test_api_sync" name="test_update[arg6]" time="0.277" /><testcase classname="cookbook.tests.api.test_api_sync" name="test_add[arg0]" time="0.270" /><testcase classname="cookbook.tests.api.test_api_sync" name="test_add[arg1]" time="0.289" /><testcase classname="cookbook.tests.api.test_api_sync" name="test_add[arg2]" time="0.279" /><testcase classname="cookbook.tests.api.test_api_sync" name="test_add[arg3]" time="0.552" /><testcase classname="cookbook.tests.api.test_api_sync" name="test_delete" time="0.762" /><testcase classname="cookbook.tests.api.test_api_sync_log" name="test_list_permission[arg0]" time="0.242" /><testcase classname="cookbook.tests.api.test_api_sync_log" name="test_list_permission[arg1]" time="0.265" /><testcase classname="cookbook.tests.api.test_api_sync_log" name="test_list_permission[arg2]" time="0.265" /><testcase classname="cookbook.tests.api.test_api_sync_log" name="test_list_permission[arg3]" time="0.266" /><testcase classname="cookbook.tests.api.test_api_sync_log" name="test_list_space" time="0.571" /><testcase classname="cookbook.tests.api.test_api_sync_log" name="test_update[arg0]" time="0.482" /><testcase classname="cookbook.tests.api.test_api_sync_log" name="test_update[arg1]" time="0.275" /><testcase classname="cookbook.tests.api.test_api_sync_log" name="test_update[arg2]" time="0.264" /><testcase classname="cookbook.tests.api.test_api_sync_log" name="test_update[arg3]" time="0.274" /><testcase classname="cookbook.tests.api.test_api_sync_log" name="test_update[arg4]" time="0.278" /><testcase classname="cookbook.tests.api.test_api_sync_log" name="test_update[arg5]" time="0.276" /><testcase classname="cookbook.tests.api.test_api_sync_log" name="test_update[arg6]" time="0.277" /><testcase classname="cookbook.tests.api.test_api_sync_log" name="test_add[arg0]" time="0.266" /><testcase classname="cookbook.tests.api.test_api_sync_log" name="test_add[arg1]" time="0.501" /><testcase classname="cookbook.tests.api.test_api_sync_log" name="test_add[arg2]" time="0.275" /><testcase classname="cookbook.tests.api.test_api_sync_log" name="test_add[arg3]" time="0.288" /><testcase classname="cookbook.tests.api.test_api_sync_log" name="test_delete" time="0.531" /><testcase classname="cookbook.tests.api.test_api_unit" name="test_list_permission[arg0]" time="0.238" /><testcase classname="cookbook.tests.api.test_api_unit" name="test_list_permission[arg1]" time="0.266" /><testcase classname="cookbook.tests.api.test_api_unit" name="test_list_permission[arg2]" time="0.268" /><testcase classname="cookbook.tests.api.test_api_unit" name="test_list_permission[arg3]" time="0.473" /><testcase classname="cookbook.tests.api.test_api_unit" name="test_list_space" time="0.561" /><testcase classname="cookbook.tests.api.test_api_unit" name="test_list_filter" time="0.314" /><testcase classname="cookbook.tests.api.test_api_unit" name="test_update[arg0]" time="0.241" /><testcase classname="cookbook.tests.api.test_api_unit" name="test_update[arg1]" time="0.269" /><testcase classname="cookbook.tests.api.test_api_unit" name="test_update[arg2]" time="0.270" /><testcase classname="cookbook.tests.api.test_api_unit" name="test_update[arg3]" time="0.272" /><testcase classname="cookbook.tests.api.test_api_unit" name="test_update[arg4]" time="0.485" /><testcase classname="cookbook.tests.api.test_api_unit" name="test_update[arg5]" time="0.269" /><testcase classname="cookbook.tests.api.test_api_unit" name="test_update[arg6]" time="0.269" /><testcase classname="cookbook.tests.api.test_api_unit" name="test_add[arg0]" time="0.251" /><testcase classname="cookbook.tests.api.test_api_unit" name="test_add[arg1]" time="0.273" /><testcase classname="cookbook.tests.api.test_api_unit" name="test_add[arg2]" time="0.544" /><testcase classname="cookbook.tests.api.test_api_unit" name="test_add[arg3]" time="0.755" /><testcase classname="cookbook.tests.api.test_api_unit" name="test_add_duplicate" time="0.526" /><testcase classname="cookbook.tests.api.test_api_unit" name="test_delete" time="0.534" /><testcase classname="cookbook.tests.api.test_api_unit" name="test_merge" time="0.405" /><testcase classname="cookbook.tests.api.test_api_unit_conversion" name="test_list_permission[arg0]" time="0.239" /><testcase classname="cookbook.tests.api.test_api_unit_conversion" name="test_list_permission[arg1]" time="0.476" /><testcase classname="cookbook.tests.api.test_api_unit_conversion" name="test_list_permission[arg2]" time="0.260" /><testcase classname="cookbook.tests.api.test_api_unit_conversion" name="test_list_permission[arg3]" time="0.261" /><testcase classname="cookbook.tests.api.test_api_unit_conversion" name="test_list_space" time="0.609" /><testcase classname="cookbook.tests.api.test_api_unit_conversion" name="test_update[arg0]" time="0.266" /><testcase classname="cookbook.tests.api.test_api_unit_conversion" name="test_update[arg1]" time="0.286" /><testcase classname="cookbook.tests.api.test_api_unit_conversion" name="test_update[arg2]" time="0.289" /><testcase classname="cookbook.tests.api.test_api_unit_conversion" name="test_update[arg3]" time="0.517" /><testcase classname="cookbook.tests.api.test_api_unit_conversion" name="test_update[arg4]" time="0.282" /><testcase classname="cookbook.tests.api.test_api_unit_conversion" name="test_update[arg5]" time="0.283" /><testcase classname="cookbook.tests.api.test_api_unit_conversion" name="test_update[arg6]" time="0.285" /><testcase classname="cookbook.tests.api.test_api_unit_conversion" name="test_add[arg0]" time="0.265" /><testcase classname="cookbook.tests.api.test_api_unit_conversion" name="test_add[arg1]" time="0.285" /><testcase classname="cookbook.tests.api.test_api_unit_conversion" name="test_add[arg2]" time="0.577" /><testcase classname="cookbook.tests.api.test_api_unit_conversion" name="test_add[arg3]" time="0.797" /><testcase classname="cookbook.tests.api.test_api_unit_conversion" name="test_add_duplicate" time="0.577" /><testcase classname="cookbook.tests.api.test_api_unit_conversion" name="test_delete" time="0.532" /><testcase classname="cookbook.tests.api.test_api_user" name="test_forbidden_methods" time="0.265" /><testcase classname="cookbook.tests.api.test_api_user" name="test_list[arg0]" time="0.237" /><testcase classname="cookbook.tests.api.test_api_user" name="test_list[arg1]" time="0.483" /><testcase classname="cookbook.tests.api.test_api_user" name="test_list[arg2]" time="0.263" /><testcase classname="cookbook.tests.api.test_api_user" name="test_list[arg3]" time="0.263" /><testcase classname="cookbook.tests.api.test_api_user" name="test_list_filter" time="0.326" /><testcase classname="cookbook.tests.api.test_api_user" name="test_list_space" time="0.569" /><testcase classname="cookbook.tests.api.test_api_user" name="test_user_retrieve[arg0]" time="0.254" /><testcase classname="cookbook.tests.api.test_api_user" name="test_user_retrieve[arg1]" time="0.280" /><testcase classname="cookbook.tests.api.test_api_user" name="test_user_retrieve[arg2]" time="0.487" /><testcase classname="cookbook.tests.api.test_api_user" name="test_user_retrieve[arg3]" time="0.279" /><testcase classname="cookbook.tests.api.test_api_user" name="test_user_retrieve[arg4]" time="0.279" /><testcase classname="cookbook.tests.api.test_api_user" name="test_user_retrieve[arg5]" time="0.276" /><testcase classname="cookbook.tests.api.test_api_user" name="test_user_retrieve[arg6]" time="0.277" /><testcase classname="cookbook.tests.api.test_api_user" name="test_user_update" time="0.312" /><testcase classname="cookbook.tests.api.test_api_userpreference" name="test_add" time="0.512" /><testcase classname="cookbook.tests.api.test_api_userpreference" name="test_preference_list" time="0.505" /><testcase classname="cookbook.tests.api.test_api_userpreference" name="test_preference_retrieve[arg0]" time="0.252" /><testcase classname="cookbook.tests.api.test_api_userpreference" name="test_preference_retrieve[arg1]" time="0.265" /><testcase classname="cookbook.tests.api.test_api_userpreference" name="test_preference_retrieve[arg2]" time="0.269" /><testcase classname="cookbook.tests.api.test_api_userpreference" name="test_preference_retrieve[arg3]" time="0.265" /><testcase classname="cookbook.tests.api.test_api_userpreference" name="test_preference_update" time="0.310" /><testcase classname="cookbook.tests.api.test_api_userpreference" name="test_preference_delete" time="0.269" /><testcase classname="cookbook.tests.api.test_api_userpreference" name="test_default_inherit_fields" time="0.767" /><testcase classname="cookbook.tests.api.test_api_userspace" name="test_list_permission[arg0]" time="0.274" /><testcase classname="cookbook.tests.api.test_api_userspace" name="test_list_permission[arg1]" time="0.285" /><testcase classname="cookbook.tests.api.test_api_userspace" name="test_list_permission[arg2]" time="0.288" /><testcase classname="cookbook.tests.api.test_api_userspace" name="test_list_permission[arg3]" time="0.286" /><testcase classname="cookbook.tests.api.test_api_userspace" name="test_list_permission[arg4]" time="0.297" /><testcase classname="cookbook.tests.api.test_api_userspace" name="test_update[arg0]" time="0.268" /><testcase classname="cookbook.tests.api.test_api_userspace" name="test_update[arg1]" time="0.282" /><testcase classname="cookbook.tests.api.test_api_userspace" name="test_update[arg2]" time="0.274" /><testcase classname="cookbook.tests.api.test_api_userspace" name="test_update[arg3]" time="0.520" /><testcase classname="cookbook.tests.api.test_api_userspace" name="test_update[arg4]" time="0.290" /><testcase classname="cookbook.tests.api.test_api_userspace" name="test_update[arg5]" time="0.285" /><testcase classname="cookbook.tests.api.test_api_userspace" name="test_update[arg6]" time="0.285" /><testcase classname="cookbook.tests.api.test_api_userspace" name="test_update_space_owner" time="0.267" /><testcase classname="cookbook.tests.api.test_api_userspace" name="test_add[arg0]" time="0.251" /><testcase classname="cookbook.tests.api.test_api_userspace" name="test_add[arg1]" time="0.269" /><testcase classname="cookbook.tests.api.test_api_userspace" name="test_add[arg2]" time="0.481" /><testcase classname="cookbook.tests.api.test_api_userspace" name="test_add[arg3]" time="0.270" /><testcase classname="cookbook.tests.api.test_api_userspace" name="test_delete" time="0.532" /><testcase classname="cookbook.tests.api.test_api_view_log" name="test_list_permission[arg0]" time="0.239" /><testcase classname="cookbook.tests.api.test_api_view_log" name="test_list_permission[arg1]" time="0.258" /><testcase classname="cookbook.tests.api.test_api_view_log" name="test_list_permission[arg2]" time="0.257" /><testcase classname="cookbook.tests.api.test_api_view_log" name="test_list_permission[arg3]" time="0.258" /><testcase classname="cookbook.tests.api.test_api_view_log" name="test_list_space" time="0.804" /><testcase classname="cookbook.tests.api.test_api_view_log" name="test_update[arg0]" time="0.307" /><testcase classname="cookbook.tests.api.test_api_view_log" name="test_update[arg1]" time="0.323" /><testcase classname="cookbook.tests.api.test_api_view_log" name="test_update[arg2]" time="0.314" /><testcase classname="cookbook.tests.api.test_api_view_log" name="test_update[arg3]" time="0.325" /><testcase classname="cookbook.tests.api.test_api_view_log" name="test_update[arg4]" time="0.323" /><testcase classname="cookbook.tests.api.test_api_view_log" name="test_update[arg5]" time="0.323" /><testcase classname="cookbook.tests.api.test_api_view_log" name="test_update[arg6]" time="0.537" /><testcase classname="cookbook.tests.api.test_api_view_log" name="test_add[arg0]" time="0.322" /><testcase classname="cookbook.tests.api.test_api_view_log" name="test_add[arg1]" time="0.832" /><testcase classname="cookbook.tests.api.test_api_view_log" name="test_add[arg2]" time="0.822" /><testcase classname="cookbook.tests.api.test_api_view_log" name="test_add[arg3]" time="1.075" /><testcase classname="cookbook.tests.api.test_api_view_log" name="test_delete" time="0.564" /><testcase classname="cookbook.tests.edits.test_edits_recipe" name="test_switch_recipe" time="0.428" /><testcase classname="cookbook.tests.edits.test_edits_recipe" name="test_convert_recipe" time="0.267" /><testcase classname="cookbook.tests.edits.test_edits_recipe" name="test_external_recipe_update" time="0.605" /><testcase classname="cookbook.tests.edits.test_edits_storage" name="test_edit_storage" time="0.807" /><testcase classname="cookbook.tests.edits.test_edits_storage" name="test_view_permission[arg0]" time="0.254" /><testcase classname="cookbook.tests.edits.test_edits_storage" name="test_view_permission[arg1]" time="0.273" /><testcase classname="cookbook.tests.edits.test_edits_storage" name="test_view_permission[arg2]" time="0.275" /><testcase classname="cookbook.tests.edits.test_edits_storage" name="test_view_permission[arg3]" time="0.297" /><testcase classname="cookbook.tests.edits.test_edits_storage" name="test_view_permission[arg4]" time="0.274" /><testcase classname="cookbook.tests.edits.test_edits_storage" name="test_view_permission[arg5]" time="0.276" /><testcase classname="cookbook.tests.edits.test_edits_storage" name="test_view_permission[arg6]" time="0.522" /><testcase classname="cookbook.tests.other.test_automations" name="test_food_automation[arg0]" time="0.026" /><testcase classname="cookbook.tests.other.test_automations" name="test_food_automation[arg1]" time="0.022" /><testcase classname="cookbook.tests.other.test_automations" name="test_food_automation[arg2]" time="0.022" /><testcase classname="cookbook.tests.other.test_automations" name="test_food_automation[arg3]" time="0.022" /><testcase classname="cookbook.tests.other.test_automations" name="test_keyword_automation[arg0]" time="0.022" /><testcase classname="cookbook.tests.other.test_automations" name="test_keyword_automation[arg1]" time="0.023" /><testcase classname="cookbook.tests.other.test_automations" name="test_keyword_automation[arg2]" time="0.022" /><testcase classname="cookbook.tests.other.test_automations" name="test_keyword_automation[arg3]" time="0.022" /><testcase classname="cookbook.tests.other.test_automations" name="test_unit_automation[arg0]" time="0.022" /><testcase classname="cookbook.tests.other.test_automations" name="test_unit_automation[arg1]" time="0.022" /><testcase classname="cookbook.tests.other.test_automations" name="test_unit_automation[arg2]" time="0.022" /><testcase classname="cookbook.tests.other.test_automations" name="test_unit_automation[arg3]" time="0.022" /><testcase classname="cookbook.tests.other.test_automations" name="test_never_unit_automation[arg0]" time="0.025" /><testcase classname="cookbook.tests.other.test_automations" name="test_never_unit_automation[arg1]" time="0.025" /><testcase classname="cookbook.tests.other.test_automations" name="test_never_unit_automation[arg2]" time="0.025" /><testcase classname="cookbook.tests.other.test_automations" name="test_never_unit_automation[arg3]" time="0.025" /><testcase classname="cookbook.tests.other.test_automations" name="test_regex_automation[arg0-source0]" time="0.026" /><testcase classname="cookbook.tests.other.test_automations" name="test_regex_automation[arg0-source1]" time="0.027" /><testcase classname="cookbook.tests.other.test_automations" name="test_regex_automation[arg0-source2]" time="0.028" /><testcase classname="cookbook.tests.other.test_automations" name="test_regex_automation[arg1-source0]" time="0.026" /><testcase classname="cookbook.tests.other.test_automations" name="test_regex_automation[arg1-source1]" time="0.026" /><testcase classname="cookbook.tests.other.test_automations" name="test_regex_automation[arg1-source2]" time="0.026" /><testcase classname="cookbook.tests.other.test_automations" name="test_regex_automation[arg2-source0]" time="0.026" /><testcase classname="cookbook.tests.other.test_automations" name="test_regex_automation[arg2-source1]" time="0.026" /><testcase classname="cookbook.tests.other.test_automations" name="test_regex_automation[arg2-source2]" time="0.026" /><testcase classname="cookbook.tests.other.test_automations" name="test_regex_automation[arg3-source0]" time="0.026" /><testcase classname="cookbook.tests.other.test_automations" name="test_regex_automation[arg3-source1]" time="0.026" /><testcase classname="cookbook.tests.other.test_automations" name="test_regex_automation[arg3-source2]" time="0.027" /><testcase classname="cookbook.tests.other.test_automations" name="test_regex_automation[arg4-source0]" time="0.027" /><testcase classname="cookbook.tests.other.test_automations" name="test_regex_automation[arg4-source1]" time="0.027" /><testcase classname="cookbook.tests.other.test_automations" name="test_regex_automation[arg4-source2]" time="0.027" /><testcase classname="cookbook.tests.other.test_automations" name="test_transpose_automation[arg0]" time="0.023" /><testcase classname="cookbook.tests.other.test_automations" name="test_transpose_automation[arg1]" time="0.023" /><testcase classname="cookbook.tests.other.test_automations" name="test_transpose_automation[arg2]" time="0.024" /><testcase classname="cookbook.tests.other.test_automations" name="test_url_import_regex_replace" time="0.078" /><testcase classname="cookbook.tests.other.test_export" name="test_export_file_cache[arg0]" time="0.253" /><testcase classname="cookbook.tests.other.test_export" name="test_export_file_cache[arg1]" time="0.276" /><testcase classname="cookbook.tests.other.test_export" name="test_export_file_cache[arg2]" time="0.286" /><testcase classname="cookbook.tests.other.test_export" name="test_export_file_cache[arg3]" time="0.300" /><testcase classname="cookbook.tests.other.test_export" name="test_export_file_cache[arg4]" time="0.297" /><testcase classname="cookbook.tests.other.test_export" name="test_export_file_cache[arg5]" time="0.296" /><testcase classname="cookbook.tests.other.test_food_property" name="test_food_property" time="0.202" /><testcase classname="cookbook.tests.other.test_ingredient_parser" name="test_ingredient_parser" time="0.023" /><testcase classname="cookbook.tests.other.test_makenow_filter" name="test_makenow_onhand[makenow_recipe0]" time="1.306" /><testcase classname="cookbook.tests.other.test_makenow_filter" name="test_makenow_onhand[makenow_recipe1]" time="1.073" /><testcase classname="cookbook.tests.other.test_makenow_filter" name="test_makenow_ignoreshopping[makenow_recipe0]" time="1.116" /><testcase classname="cookbook.tests.other.test_makenow_filter" name="test_makenow_ignoreshopping[makenow_recipe1]" time="1.117" /><testcase classname="cookbook.tests.other.test_makenow_filter" name="test_makenow_substitute[makenow_recipe0]" time="1.117" /><testcase classname="cookbook.tests.other.test_makenow_filter" name="test_makenow_substitute[makenow_recipe1]" time="1.126" /><testcase classname="cookbook.tests.other.test_makenow_filter" name="test_makenow_child_substitute[makenow_recipe0]" time="1.135" /><testcase classname="cookbook.tests.other.test_makenow_filter" name="test_makenow_child_substitute[makenow_recipe1]" time="1.132" /><testcase classname="cookbook.tests.other.test_makenow_filter" name="test_makenow_sibling_substitute[makenow_recipe0]" time="1.141" /><testcase classname="cookbook.tests.other.test_makenow_filter" name="test_makenow_sibling_substitute[makenow_recipe1]" time="1.142" /><testcase classname="cookbook.tests.other.test_permission_helper" name="test_has_group_permission" time="0.064" /><testcase classname="cookbook.tests.other.test_permission_helper" name="test_is_owner" time="0.117" /><testcase classname="cookbook.tests.other.test_permission_helper" name="test_is_space_owner" time="0.043" /><testcase classname="cookbook.tests.other.test_permission_helper" name="test_switch_user_active_space" time="0.046" /><testcase classname="cookbook.tests.other.test_recipe_full_text_search" name="test_search_or_and_not[operator0-found_recipe0-foods]" time="1.646" /><testcase classname="cookbook.tests.other.test_recipe_full_text_search" name="test_search_or_and_not[operator0-found_recipe1-keywords]" time="1.615" /><testcase classname="cookbook.tests.other.test_recipe_full_text_search" name="test_search_or_and_not[operator0-found_recipe2-books]" time="1.810" /><testcase classname="cookbook.tests.other.test_recipe_full_text_search" name="test_search_or_and_not[operator1-found_recipe0-foods]" time="1.651" /><testcase classname="cookbook.tests.other.test_recipe_full_text_search" name="test_search_or_and_not[operator1-found_recipe1-keywords]" time="1.638" /><testcase classname="cookbook.tests.other.test_recipe_full_text_search" name="test_search_or_and_not[operator1-found_recipe2-books]" time="1.639" /><testcase classname="cookbook.tests.other.test_recipe_full_text_search" name="test_search_units[found_recipe0]" time="1.518" /><testcase classname="cookbook.tests.other.test_recipe_full_text_search" name="test_fuzzy_lookup[found_recipe0-unit-user10]" time="0.001"><skipped type="pytest.skip" message="requires PostgreSQL">/home/runner/work/recipes/recipes/cookbook/tests/other/test_recipe_full_text_search.py:268: requires PostgreSQL</skipped></testcase><testcase classname="cookbook.tests.other.test_recipe_full_text_search" name="test_fuzzy_lookup[found_recipe0-unit-user11]" time="0.000"><skipped type="pytest.skip" message="requires PostgreSQL">/home/runner/work/recipes/recipes/cookbook/tests/other/test_recipe_full_text_search.py:268: requires PostgreSQL</skipped></testcase><testcase classname="cookbook.tests.other.test_recipe_full_text_search" name="test_fuzzy_lookup[found_recipe0-unit-user12]" time="0.000"><skipped type="pytest.skip" message="requires PostgreSQL">/home/runner/work/recipes/recipes/cookbook/tests/other/test_recipe_full_text_search.py:268: requires PostgreSQL</skipped></testcase><testcase classname="cookbook.tests.other.test_recipe_full_text_search" name="test_fuzzy_lookup[found_recipe0-unit-user13]" time="0.000"><skipped type="pytest.skip" message="requires PostgreSQL">/home/runner/work/recipes/recipes/cookbook/tests/other/test_recipe_full_text_search.py:268: requires PostgreSQL</skipped></testcase><testcase classname="cookbook.tests.other.test_recipe_full_text_search" name="test_fuzzy_lookup[found_recipe0-unit-user14]" time="0.000"><skipped type="pytest.skip" message="requires PostgreSQL">/home/runner/work/recipes/recipes/cookbook/tests/other/test_recipe_full_text_search.py:268: requires PostgreSQL</skipped></testcase><testcase classname="cookbook.tests.other.test_recipe_full_text_search" name="test_fuzzy_lookup[found_recipe0-unit-user15]" time="0.000"><skipped type="pytest.skip" message="requires PostgreSQL">/home/runner/work/recipes/recipes/cookbook/tests/other/test_recipe_full_text_search.py:268: requires PostgreSQL</skipped></testcase><testcase classname="cookbook.tests.other.test_recipe_full_text_search" name="test_fuzzy_lookup[found_recipe0-unit-user16]" time="0.000"><skipped type="pytest.skip" message="requires PostgreSQL">/home/runner/work/recipes/recipes/cookbook/tests/other/test_recipe_full_text_search.py:268: requires PostgreSQL</skipped></testcase><testcase classname="cookbook.tests.other.test_recipe_full_text_search" name="test_fuzzy_lookup[found_recipe0-unit-user17]" time="0.000"><skipped type="pytest.skip" message="requires PostgreSQL">/home/runner/work/recipes/recipes/cookbook/tests/other/test_recipe_full_text_search.py:268: requires PostgreSQL</skipped></testcase><testcase classname="cookbook.tests.other.test_recipe_full_text_search" name="test_fuzzy_lookup[found_recipe1-keyword-user10]" time="0.000"><skipped type="pytest.skip" message="requires PostgreSQL">/home/runner/work/recipes/recipes/cookbook/tests/other/test_recipe_full_text_search.py:268: requires PostgreSQL</skipped></testcase><testcase classname="cookbook.tests.other.test_recipe_full_text_search" name="test_fuzzy_lookup[found_recipe1-keyword-user11]" time="0.000"><skipped type="pytest.skip" message="requires PostgreSQL">/home/runner/work/recipes/recipes/cookbook/tests/other/test_recipe_full_text_search.py:268: requires PostgreSQL</skipped></testcase><testcase classname="cookbook.tests.other.test_recipe_full_text_search" name="test_fuzzy_lookup[found_recipe1-keyword-user12]" time="0.000"><skipped type="pytest.skip" message="requires PostgreSQL">/home/runner/work/recipes/recipes/cookbook/tests/other/test_recipe_full_text_search.py:268: requires PostgreSQL</skipped></testcase><testcase classname="cookbook.tests.other.test_recipe_full_text_search" name="test_fuzzy_lookup[found_recipe1-keyword-user13]" time="0.000"><skipped type="pytest.skip" message="requires PostgreSQL">/home/runner/work/recipes/recipes/cookbook/tests/other/test_recipe_full_text_search.py:268: requires PostgreSQL</skipped></testcase><testcase classname="cookbook.tests.other.test_recipe_full_text_search" name="test_fuzzy_lookup[found_recipe1-keyword-user14]" time="0.000"><skipped type="pytest.skip" message="requires PostgreSQL">/home/runner/work/recipes/recipes/cookbook/tests/other/test_recipe_full_text_search.py:268: requires PostgreSQL</skipped></testcase><testcase classname="cookbook.tests.other.test_recipe_full_text_search" name="test_fuzzy_lookup[found_recipe1-keyword-user15]" time="0.000"><skipped type="pytest.skip" message="requires PostgreSQL">/home/runner/work/recipes/recipes/cookbook/tests/other/test_recipe_full_text_search.py:268: requires PostgreSQL</skipped></testcase><testcase classname="cookbook.tests.other.test_recipe_full_text_search" name="test_fuzzy_lookup[found_recipe1-keyword-user16]" time="0.000"><skipped type="pytest.skip" message="requires PostgreSQL">/home/runner/work/recipes/recipes/cookbook/tests/other/test_recipe_full_text_search.py:268: requires PostgreSQL</skipped></testcase><testcase classname="cookbook.tests.other.test_recipe_full_text_search" name="test_fuzzy_lookup[found_recipe1-keyword-user17]" time="0.000"><skipped type="pytest.skip" message="requires PostgreSQL">/home/runner/work/recipes/recipes/cookbook/tests/other/test_recipe_full_text_search.py:268: requires PostgreSQL</skipped></testcase><testcase classname="cookbook.tests.other.test_recipe_full_text_search" name="test_fuzzy_lookup[found_recipe2-food-user10]" time="0.000"><skipped type="pytest.skip" message="requires PostgreSQL">/home/runner/work/recipes/recipes/cookbook/tests/other/test_recipe_full_text_search.py:268: requires PostgreSQL</skipped></testcase><testcase classname="cookbook.tests.other.test_recipe_full_text_search" name="test_fuzzy_lookup[found_recipe2-food-user11]" time="0.000"><skipped type="pytest.skip" message="requires PostgreSQL">/home/runner/work/recipes/recipes/cookbook/tests/other/test_recipe_full_text_search.py:268: requires PostgreSQL</skipped></testcase><testcase classname="cookbook.tests.other.test_recipe_full_text_search" name="test_fuzzy_lookup[found_recipe2-food-user12]" time="0.000"><skipped type="pytest.skip" message="requires PostgreSQL">/home/runner/work/recipes/recipes/cookbook/tests/other/test_recipe_full_text_search.py:268: requires PostgreSQL</skipped></testcase><testcase classname="cookbook.tests.other.test_recipe_full_text_search" name="test_fuzzy_lookup[found_recipe2-food-user13]" time="0.000"><skipped type="pytest.skip" message="requires PostgreSQL">/home/runner/work/recipes/recipes/cookbook/tests/other/test_recipe_full_text_search.py:268: requires PostgreSQL</skipped></testcase><testcase classname="cookbook.tests.other.test_recipe_full_text_search" name="test_fuzzy_lookup[found_recipe2-food-user14]" time="0.000"><skipped type="pytest.skip" message="requires PostgreSQL">/home/runner/work/recipes/recipes/cookbook/tests/other/test_recipe_full_text_search.py:268: requires PostgreSQL</skipped></testcase><testcase classname="cookbook.tests.other.test_recipe_full_text_search" name="test_fuzzy_lookup[found_recipe2-food-user15]" time="0.000"><skipped type="pytest.skip" message="requires PostgreSQL">/home/runner/work/recipes/recipes/cookbook/tests/other/test_recipe_full_text_search.py:268: requires PostgreSQL</skipped></testcase><testcase classname="cookbook.tests.other.test_recipe_full_text_search" name="test_fuzzy_lookup[found_recipe2-food-user16]" time="0.000"><skipped type="pytest.skip" message="requires PostgreSQL">/home/runner/work/recipes/recipes/cookbook/tests/other/test_recipe_full_text_search.py:268: requires PostgreSQL</skipped></testcase><testcase classname="cookbook.tests.other.test_recipe_full_text_search" name="test_fuzzy_lookup[found_recipe2-food-user17]" time="0.000"><skipped type="pytest.skip" message="requires PostgreSQL">/home/runner/work/recipes/recipes/cookbook/tests/other/test_recipe_full_text_search.py:268: requires PostgreSQL</skipped></testcase><testcase classname="cookbook.tests.other.test_recipe_full_text_search" name="test_search_date[found_recipe0-viewedon-result0]" time="1.781" /><testcase classname="cookbook.tests.other.test_recipe_full_text_search" name="test_search_date[found_recipe1-cookedon-result1]" time="2.021" /><testcase classname="cookbook.tests.other.test_recipe_full_text_search" name="test_search_date[found_recipe2-createdon-result2]" time="1.810" /><testcase classname="cookbook.tests.other.test_recipe_full_text_search" name="test_search_date[found_recipe3-updatedon-result3]" time="1.804" /><testcase classname="cookbook.tests.other.test_recipe_full_text_search" name="test_search_count[found_recipe0-rating]" time="1.781" /><testcase classname="cookbook.tests.other.test_recipe_full_text_search" name="test_search_count[found_recipe1-timescooked]" time="2.031" /><testcase classname="cookbook.tests.other.test_unit_conversion" name="test_base_converter" time="0.004" /><testcase classname="cookbook.tests.other.test_unit_conversion" name="test_unit_conversions" time="0.087" /><testcase classname="cookbook.tests.other.test_url_import" name="test_import_permission[arg0]" time="0.238" /><testcase classname="cookbook.tests.other.test_url_import" name="test_import_permission[arg1]" time="0.262" /><testcase classname="cookbook.tests.other.test_url_import" name="test_import_permission[arg2]" time="0.265" /><testcase classname="cookbook.tests.other.test_url_import" name="test_import_permission[arg3]" time="0.259" /><testcase classname="cookbook.tests.other.test_url_import" name="test_recipe_import[arg0]" time="0.818" /><testcase classname="cookbook.tests.other.test_url_import" name="test_recipe_import[arg1]" time="0.807" /><testcase classname="cookbook.tests.other.test_url_import" name="test_recipe_import[arg2]" time="0.783" /><testcase classname="cookbook.tests.other.test_url_import" name="test_recipe_import[arg3]" time="0.714" /><testcase classname="cookbook.tests.other.test_url_import" name="test_recipe_import[arg4]" time="0.391" /><testcase classname="cookbook.tests.other.test_url_import" name="test_recipe_import[arg5]" time="0.770" /><testcase classname="cookbook.tests.other.test_url_import" name="test_recipe_import[arg6]" time="0.467" /><testcase classname="cookbook.tests.other.test_url_import" name="test_recipe_import[arg7]" time="0.598" /><testcase classname="cookbook.tests.other.test_url_import" name="test_recipe_import[arg8]" time="0.545" /><testcase classname="cookbook.tests.other.test_url_import" name="test_recipe_import[arg9]" time="0.613" /><testcase classname="cookbook.tests.other.test_url_import" name="test_recipe_import[arg10]" time="0.398" /><testcase classname="cookbook.tests.other.test_url_import" name="test_recipe_import[arg11]" time="0.740" /><testcase classname="cookbook.tests.other.test_url_import" name="test_recipe_import[arg12]" time="0.500" /><testcase classname="cookbook.tests.other.test_url_import" name="test_recipe_import[arg13]" time="0.734" /><testcase classname="cookbook.tests.other.test_url_import" name="test_recipe_import[arg14]" time="0.503" /><testcase classname="cookbook.tests.views.test_views_api" name="test_external_link_permission[arg0]" time="0.300" /><testcase classname="cookbook.tests.views.test_views_api" name="test_external_link_permission[arg1]" time="0.574" /><testcase classname="cookbook.tests.views.test_views_api" name="test_external_link_permission[arg2]" time="0.313" /><testcase classname="cookbook.tests.views.test_views_api" name="test_external_link_permission[arg3]" time="0.329" /><testcase classname="cookbook.tests.views.test_views_api" name="test_external_link_permission[arg4]" time="0.324" /><testcase classname="cookbook.tests.views.test_views_api" name="test_external_link_permission[arg5]" time="0.345" /><testcase classname="cookbook.tests.views.test_views_api" name="test_external_link_permission[arg6]" time="0.346" /><testcase classname="cookbook.tests.views.test_views_api" name="test_external_file_permission[arg0]" time="0.300" /><testcase classname="cookbook.tests.views.test_views_api" name="test_external_file_permission[arg1]" time="0.321" /><testcase classname="cookbook.tests.views.test_views_api" name="test_external_file_permission[arg2]" time="0.314" /><testcase classname="cookbook.tests.views.test_views_api" name="test_external_file_permission[arg3]" time="0.588" /><testcase classname="cookbook.tests.views.test_views_api" name="test_external_file_permission[arg4]" time="0.343" /><testcase classname="cookbook.tests.views.test_views_api" name="test_external_file_permission[arg5]" time="0.345" /><testcase classname="cookbook.tests.views.test_views_api" name="test_external_file_permission[arg6]" time="0.344" /><testcase classname="cookbook.tests.views.test_views_general" name="test_index" time="0.003" /><testcase classname="cookbook.tests.views.test_views_general" name="test_search" time="0.003" /><testcase classname="cookbook.tests.views.test_views_general" name="test_view" time="0.003" /><testcase classname="cookbook.tests.views.test_views_general" name="test_books[arg0]" time="0.301" /><testcase classname="cookbook.tests.views.test_views_general" name="test_books[arg1]" time="0.323" /><testcase classname="cookbook.tests.views.test_views_general" name="test_books[arg2]" time="0.332" /><testcase classname="cookbook.tests.views.test_views_general" name="test_books[arg3]" time="0.343" /><testcase classname="cookbook.tests.views.test_views_general" name="test_plan[arg0]" time="0.300" /><testcase classname="cookbook.tests.views.test_views_general" name="test_plan[arg1]" time="0.567" /><testcase classname="cookbook.tests.views.test_views_general" name="test_plan[arg2]" time="0.334" /><testcase classname="cookbook.tests.views.test_views_general" name="test_plan[arg3]" time="0.343" /><testcase classname="cookbook.tests.views.test_views_general" name="test_plan_entry" time="0.003" /><testcase classname="cookbook.tests.views.test_views_general" name="test_shopping[arg0]" time="0.300" /><testcase classname="cookbook.tests.views.test_views_general" name="test_shopping[arg1]" time="0.322" /><testcase classname="cookbook.tests.views.test_views_general" name="test_shopping[arg2]" time="0.333" /><testcase classname="cookbook.tests.views.test_views_general" name="test_shopping[arg3]" time="0.344" /><testcase classname="cookbook.tests.views.test_views_general" name="test_settings[arg0]" time="0.298" /><testcase classname="cookbook.tests.views.test_views_general" name="test_settings[arg1]" time="0.345" /><testcase classname="cookbook.tests.views.test_views_general" name="test_settings[arg2]" time="0.574" /><testcase classname="cookbook.tests.views.test_views_general" name="test_settings[arg3]" time="0.341" /><testcase classname="cookbook.tests.views.test_views_general" name="test_history[arg0]" time="0.301" /><testcase classname="cookbook.tests.views.test_views_general" name="test_history[arg1]" time="0.355" /><testcase classname="cookbook.tests.views.test_views_general" name="test_history[arg2]" time="0.344" /><testcase classname="cookbook.tests.views.test_views_general" name="test_history[arg3]" time="0.346" /><testcase classname="cookbook.tests.views.test_views_general" name="test_system[arg0]" time="0.301" /><testcase classname="cookbook.tests.views.test_views_general" name="test_system[arg1]" time="0.316" /><testcase classname="cookbook.tests.views.test_views_general" name="test_system[arg2]" time="0.549" /><testcase classname="cookbook.tests.views.test_views_general" name="test_system[arg3]" time="0.314" /><testcase classname="cookbook.tests.views.test_views_general" name="test_setup[arg0]" time="0.303" /><testcase classname="cookbook.tests.views.test_views_general" name="test_setup[arg1]" time="0.323" /><testcase classname="cookbook.tests.views.test_views_general" name="test_setup[arg2]" time="0.310" /><testcase classname="cookbook.tests.views.test_views_general" name="test_setup[arg3]" time="0.318" /><testcase classname="cookbook.tests.views.test_views_general" name="test_markdown_doc[arg0]" time="0.308" /><testcase classname="cookbook.tests.views.test_views_general" name="test_markdown_doc[arg1]" time="0.338" /><testcase classname="cookbook.tests.views.test_views_general" name="test_markdown_doc[arg2]" time="0.328" /><testcase classname="cookbook.tests.views.test_views_general" name="test_markdown_doc[arg3]" time="0.340" /><testcase classname="cookbook.tests.views.test_views_general" name="test_api_info[arg0]" time="0.571" /><testcase classname="cookbook.tests.views.test_views_general" name="test_api_info[arg1]" time="0.346" /><testcase classname="cookbook.tests.views.test_views_general" name="test_api_info[arg2]" time="0.332" /><testcase classname="cookbook.tests.views.test_views_general" name="test_api_info[arg3]" time="0.347" /><testcase classname="cookbook.tests.views.test_views_recipe_share" name="test_share" time="1.029" /></testsuite></testsuites>