<?xml version="1.0" encoding="utf-8"?><testsuites><testsuite name="pytest" errors="0" failures="0" skipped="0" tests="5" time="35.973" timestamp="2024-08-18T14:19:20.591136" hostname="vabene-pc"><testcase classname="cookbook.tests.api.test_api_space" name="test_list_permission[arg0]" time="27.231" /><testcase classname="cookbook.tests.api.test_api_space" name="test_list_permission[arg1]" time="27.784" /><testcase classname="cookbook.tests.api.test_api_space" name="test_list_permission[arg3]" time="28.126" /><testcase classname="cookbook.tests.api.test_api_space" name="test_list_permission[arg4]" time="28.153" /><testcase classname="cookbook.tests.api.test_api_space" name="test_list_permission[arg2]" time="28.177" /></testsuite></testsuites>