<?xml version="1.0" encoding="utf-8"?><testsuites name="pytest tests"><testsuite name="pytest" errors="0" failures="1" skipped="104" tests="1141" time="100.422" timestamp="2026-01-30T07:32:00.955873+01:00" hostname="DESKTOP-RM10LP5"><testcase classname="cookbook.tests.api.test_api_connector_config" name="test_list_space" time="37.789" /><testcase classname="cookbook.tests.api.test_api_ai_provider" name="test_update_global[arg2]" time="39.414" /><testcase classname="cookbook.tests.api.test_api_meal_plan" name="test_ical[arg3]" time="37.428" /><testcase classname="cookbook.tests.api.test_api_connector_config" name="test_add[arg0]" time="37.150" /><testcase classname="cookbook.tests.api.test_api_invitelinke" name="test_update[arg2]" time="37.682" /><testcase classname="cookbook.tests.api.test_api_keyword" name="test_add[arg0]" time="37.335" /><testcase classname="cookbook.tests.api.test_api_food_shopping" name="test_shopping_food_delete[arg3]" time="39.782" /><testcase classname="cookbook.tests.api.test_api_keyword" name="test_root_filter" time="39.940" /><testcase classname="cookbook.tests.api.test_api_ai_provider" name="test_update[arg1]" time="40.854" /><testcase classname="cookbook.tests.api.test_api_meal_type" name="test_add[arg2]" time="37.866" /><testcase classname="cookbook.tests.api.test_api_invitelinke" name="test_add[arg3]" time="40.450" /><testcase classname="cookbook.tests.api.test_api_ingredient" name="test_list_permission[arg0]" time="38.012" /><testcase classname="cookbook.tests.api.test_api_food_shopping" name="test_shopping_food_create[arg0]" time="38.569" /><testcase classname="cookbook.tests.api.test_api_food" name="test_update[arg3]" time="41.156" /><testcase classname="cookbook.tests.api.test_api_food" name="test_reset_inherit_space_fields[supermarket_category-True-obj_tree_10]" time="37.027" /><testcase classname="cookbook.tests.api.test_api_meal_type" name="test_update[arg1]" time="38.736" /><testcase classname="cookbook.tests.api.test_api_ai_provider" name="test_add[arg2]" time="41.112" /><testcase classname="cookbook.tests.api.test_api_cook_log" name="test_list_permission[arg2]" time="38.338" /><testcase classname="cookbook.tests.api.test_api_food" name="test_reset_inherit_space_fields[supermarket_category-False-obj_tree_10]" time="0.091" /><testcase classname="cookbook.tests.api.test_api_meal_plan" name="test_add[arg1]" time="38.601" /><testcase classname="cookbook.tests.api.test_api_connector_config" name="test_add[arg1]" time="2.183" /><testcase classname="cookbook.tests.api.test_api_food" name="test_reset_inherit_no_food_instances[ignore_shopping-obj_tree_10]" time="0.100" /><testcase classname="cookbook.tests.api.test_api_cook_log" name="test_update[arg5]" time="38.927" /><testcase classname="cookbook.tests.api.test_api_food" name="test_reset_inherit_no_food_instances[substitute_children-obj_tree_10]" time="0.098" /><testcase classname="cookbook.tests.api.test_api_keyword" name="test_add[arg1]" time="2.301" /><testcase classname="cookbook.tests.api.test_api_access_token" name="test_update[arg2]" time="38.632" /><testcase classname="cookbook.tests.api.test_api_food" name="test_reset_inherit_no_food_instances[substitute_siblings-obj_tree_10]" time="0.091" /><testcase classname="cookbook.tests.api.test_api_import_log" name="test_update[['a_u', 403]]" time="38.658" /><testcase classname="cookbook.tests.api.test_api_access_token" name="test_add[arg3]" time="38.738" /><testcase classname="cookbook.tests.api.test_api_food" name="test_reset_inherit_no_food_instances[supermarket_category-obj_tree_10]" time="0.093" /><testcase classname="cookbook.tests.api.test_api_meal_plan" name="test_ical_event" time="0.121" /><testcase classname="cookbook.tests.api.test_api_meal_type" name="test_list_permission[arg0]" time="0.041" /><testcase classname="cookbook.tests.api.test_api_meal_type" name="test_list_permission[arg1]" time="0.037" /><testcase classname="cookbook.tests.api.test_api_food" name="test_onhand" time="5.764" /><testcase classname="cookbook.tests.api.test_api_meal_type" name="test_list_permission[arg2]" time="0.033" /><testcase classname="cookbook.tests.api.test_api_food" name="test_list_permission[arg1]" time="41.693" /><testcase classname="cookbook.tests.api.test_api_meal_type" name="test_list_permission[arg3]" time="0.035" /><testcase classname="cookbook.tests.api.test_api_invitelinke" name="test_update[arg3]" time="2.554" /><testcase classname="cookbook.tests.api.test_api_meal_type" name="test_list_space" time="0.099" /><testcase classname="cookbook.tests.api.test_api_food" name="test_root_filter" time="42.271" /><testcase classname="cookbook.tests.api.test_api_connector_config" name="test_update[arg0]" time="0.061" /><testcase classname="cookbook.tests.api.test_api_meal_type" name="test_update[arg0]" time="0.037" /><testcase classname="cookbook.tests.api.test_api_property" name="test_add[arg2]" time="2.768" /><testcase classname="cookbook.tests.api.test_api_connector_config" name="test_update[arg1]" time="0.142" /><testcase classname="cookbook.tests.api.test_api_meal_type" name="test_add[arg3]" time="0.068" /><testcase classname="cookbook.tests.api.test_api_meal_type" name="test_add_duplicate" time="0.069" /><testcase classname="cookbook.tests.api.test_api_food" name="test_inherit[obj_tree_16-substitute_siblings-True-false]" time="38.212" /><testcase classname="cookbook.tests.api.test_api_ingredient" name="test_list_permission[arg1]" time="2.699" /><testcase classname="cookbook.tests.api.test_api_connector_config" name="test_update[arg2]" time="0.107" /><testcase classname="cookbook.tests.api.test_api_meal_type" name="test_delete" time="0.072" /><testcase classname="cookbook.tests.api.test_api_property" name="test_list_permission[arg0]" time="0.039" /><testcase classname="cookbook.tests.api.test_api_ingredient" name="test_update[arg3]" time="42.020" /><testcase classname="cookbook.tests.api.test_api_connector_config" name="test_update[arg3]" time="0.126" /><testcase classname="cookbook.tests.api.test_api_property" name="test_list_permission[arg1]" time="2.740" /><testcase classname="cookbook.tests.api.test_api_connector_config" name="test_update[arg4]" time="0.125" /><testcase classname="cookbook.tests.api.test_api_food" name="test_inherit[obj_tree_17-substitute_siblings-False-false]" time="0.075" /><testcase classname="cookbook.tests.api.test_api_cook_log" name="test_list_permission[arg3]" time="0.034" /><testcase classname="cookbook.tests.api.test_api_food" name="test_reset_inherit_space_fields[ignore_shopping-True-obj_tree_10]" time="0.100" /><testcase classname="cookbook.tests.api.test_api_connector_config" name="test_update[arg5]" time="0.128" /><testcase classname="cookbook.tests.api.test_api_food" name="test_reset_inherit_space_fields[ignore_shopping-False-obj_tree_10]" time="0.084" /><testcase classname="cookbook.tests.api.test_api_cook_log" name="test_list_space" time="0.165" /><testcase classname="cookbook.tests.api.test_api_connector_config" name="test_update[arg6]" time="0.132" /><testcase classname="cookbook.tests.api.test_api_food" name="test_reset_inherit_space_fields[substitute_children-True-obj_tree_10]" time="0.090" /><testcase classname="cookbook.tests.api.test_api_food_shopping" name="test_shopping_food_create[arg1]" time="2.920" /><testcase classname="cookbook.tests.api.test_api_cook_log" name="test_update[arg0]" time="0.125" /><testcase classname="cookbook.tests.api.test_api_food" name="test_reset_inherit_space_fields[substitute_children-False-obj_tree_10]" time="0.077" /><testcase classname="cookbook.tests.api.test_api_access_token" name="test_update[arg3]" time="0.053" /><testcase classname="cookbook.tests.api.test_api_food" name="test_reset_inherit_space_fields[substitute_siblings-True-obj_tree_10]" time="0.094" /><testcase classname="cookbook.tests.api.test_api_access_token" name="test_update[arg4]" time="0.056" /><testcase classname="cookbook.tests.api.test_api_meal_plan" name="test_add[arg2]" time="0.169" /><testcase classname="cookbook.tests.api.test_api_access_token" name="test_list_permission[arg0]" time="39.954" /><testcase classname="cookbook.tests.api.test_api_food" name="test_add_duplicate" time="43.209" /><testcase classname="cookbook.tests.api.test_api_recipe" name="test_list_space" time="0.729" /><testcase classname="cookbook.tests.api.test_api_import_log" name="test_update[['g1_s1', 403]]" time="2.900" /><testcase classname="cookbook.tests.api.test_api_cook_log" name="test_update[arg1]" time="0.119" /><testcase classname="cookbook.tests.api.test_api_access_token" name="test_update[arg5]" time="0.056" /><testcase classname="cookbook.tests.api.test_api_meal_type" name="test_update[arg2]" time="0.043" /><testcase classname="cookbook.tests.api.test_api_access_token" name="test_delete" time="0.075" /><testcase classname="cookbook.tests.api.test_api_food" name="test_reset_inherit_space_fields[substitute_siblings-False-obj_tree_10]" time="0.084" /><testcase classname="cookbook.tests.api.test_api_meal_type" name="test_update[arg3]" time="0.049" /><testcase classname="cookbook.tests.api.test_api_ai_provider" name="test_list_permission[arg0]" time="0.412" /><testcase classname="cookbook.tests.api.test_api_access_token" name="test_update[arg6]" time="0.057" /><testcase classname="cookbook.tests.api.test_api_property_type" name="test_add[arg1]" time="3.812" /><testcase classname="cookbook.tests.api.test_api_meal_type" name="test_update[arg4]" time="0.053" /><testcase classname="cookbook.tests.api.test_api_meal_plan" name="test_add[arg3]" time="0.177" /><testcase classname="cookbook.tests.api.test_api_cook_log" name="test_update[arg2]" time="0.100" /><testcase classname="cookbook.tests.api.test_api_keyword" name="test_list_filter" time="42.984" /><testcase classname="cookbook.tests.api.test_api_meal_type" name="test_update[arg5]" time="0.051" /><testcase classname="cookbook.tests.api.test_api_cook_log" name="test_update[arg3]" time="0.101" /><testcase classname="cookbook.tests.api.test_api_meal_type" name="test_update[arg6]" time="0.050" /><testcase classname="cookbook.tests.api.test_api_access_token" name="test_add[arg0]" time="0.160" /><testcase classname="cookbook.tests.api.test_api_cook_log" name="test_update[arg6]" time="0.115" /><testcase classname="cookbook.tests.api.test_api_meal_type" name="test_add[arg0]" time="0.063" /><testcase classname="cookbook.tests.api.test_api_meal_plan" name="test_delete" time="0.128" /><testcase classname="cookbook.tests.api.test_api_meal_type" name="test_add[arg1]" time="0.066" /><testcase classname="cookbook.tests.api.test_api_cook_log" name="test_update[arg4]" time="0.116" /><testcase classname="cookbook.tests.api.test_api_meal_plan" name="test_add_with_shopping" time="0.311" /><testcase classname="cookbook.tests.api.test_api_access_token" name="test_add[arg1]" time="0.127" /><testcase classname="cookbook.tests.api.test_api_recipe_book" name="test_update[arg6]" time="0.053" /><testcase classname="cookbook.tests.api.test_api_cook_log" name="test_add[arg0]" time="0.148" /><testcase classname="cookbook.tests.api.test_api_recipe_book" name="test_list_filter" time="0.097" /><testcase classname="cookbook.tests.api.test_api_recipe_book" name="test_add[arg0]" time="0.025" /><testcase classname="cookbook.tests.api.test_api_recipe_book" name="test_add[arg1]" time="0.072" /><testcase classname="cookbook.tests.api.test_api_ai_provider" name="test_list_permission[arg1]" time="2.803" /><testcase classname="cookbook.tests.api.test_api_access_token" name="test_add[arg2]" time="0.113" /><testcase classname="cookbook.tests.api.test_api_recipe_book" name="test_update[arg0]" time="0.030" /><testcase classname="cookbook.tests.api.test_api_recipe" name="test_add[arg2]" time="4.324" /><testcase classname="cookbook.tests.api.test_api_recipe_book" name="test_update[arg1]" time="0.050" /><testcase classname="cookbook.tests.api.test_api_recipe_book" name="test_add[arg2]" time="0.068" /><testcase classname="cookbook.tests.api.test_api_cook_log" name="test_add[arg1]" time="0.165" /><testcase classname="cookbook.tests.api.test_api_recipe_book" name="test_update[arg2]" time="0.045" /><testcase classname="cookbook.tests.api.test_api_recipe_book" name="test_add[arg3]" time="0.068" /><testcase classname="cookbook.tests.api.test_api_connector_config" name="test_add[arg2]" time="0.115" /><testcase classname="cookbook.tests.api.test_api_recipe_book" name="test_update[arg3]" time="0.049" /><testcase classname="cookbook.tests.api.test_api_recipe" name="test_update[arg0]" time="0.077" /><testcase classname="cookbook.tests.api.test_api_ai_provider" name="test_update_global[arg3]" time="0.175" /><testcase classname="cookbook.tests.api.test_api_recipe_book" name="test_update[arg4]" time="0.052" /><testcase classname="cookbook.tests.api.test_api_meal_plan" name="test_update[arg0]" time="40.657" /><testcase classname="cookbook.tests.api.test_api_recipe_book" name="test_delete" time="0.060" /><testcase classname="cookbook.tests.api.test_api_cook_log" name="test_add[arg2]" time="0.142" /><testcase classname="cookbook.tests.api.test_api_recipe_book_entry" name="test_list_permission[arg0]" time="0.010" /><testcase classname="cookbook.tests.api.test_api_meal_plan" name="test_ical[arg0]" time="0.100" /><testcase classname="cookbook.tests.api.test_api_recipe_book_entry" name="test_list_permission[arg1]" time="0.029" /><testcase classname="cookbook.tests.api.test_api_recipe_book" name="test_update[arg5]" time="0.051" /><testcase classname="cookbook.tests.api.test_api_connector_config" name="test_add[arg3]" time="0.429" /><testcase classname="cookbook.tests.api.test_api_recipe" name="test_update[arg1]" time="0.242" /><testcase classname="cookbook.tests.api.test_api_recipe_book_entry" name="test_list_permission[arg2]" time="0.027" /><testcase classname="cookbook.tests.api.test_api_recipe_book_entry" name="test_list_permission[arg3]" time="0.028" /><testcase classname="cookbook.tests.api.test_api_meal_plan" name="test_ical[arg1]" time="0.097" /><testcase classname="cookbook.tests.api.test_api_cook_log" name="test_add[arg3]" time="0.148" /><testcase classname="cookbook.tests.api.test_api_ai_provider" name="test_update_global[arg4]" time="0.187" /><testcase classname="cookbook.tests.api.test_api_recipe_book_entry" name="test_update[arg0]" time="0.148" /><testcase classname="cookbook.tests.api.test_api_keyword" name="test_add[arg2]" time="0.519" /><testcase classname="cookbook.tests.api.test_api_recipe_book_entry" name="test_list_space" time="0.182" /><testcase classname="cookbook.tests.api.test_api_meal_plan" name="test_ical[arg2]" time="0.101" /><testcase classname="cookbook.tests.api.test_api_cook_log" name="test_delete" time="0.108" /><testcase classname="cookbook.tests.api.test_api_recipe" name="test_update[arg2]" time="0.790" /><testcase classname="cookbook.tests.api.test_api_food" name="test_list_permission[arg0]" time="0.009" /><testcase classname="cookbook.tests.api.test_api_ingredient" name="test_delete" time="43.072" /><testcase classname="cookbook.tests.api.test_api_ai_provider" name="test_update_global[arg5]" time="0.189" /><testcase classname="cookbook.tests.api.test_api_recipe_book_entry" name="test_update[arg1]" time="0.158" /><testcase classname="cookbook.tests.api.test_api_food_shopping" name="test_shopping_food_delete[arg4]" time="0.376" /><testcase classname="cookbook.tests.api.test_api_related_recipe" name="test_get_related_recipes[recipe0-0-arg1]" time="2.768" /><testcase classname="cookbook.tests.api.test_api_connector_config" name="test_add_with_supports_description_field_false" time="0.105" /><testcase classname="cookbook.tests.api.test_api_recipe_book_entry" name="test_add[arg0]" time="0.151" /><testcase classname="cookbook.tests.api.test_api_access_token" name="test_list_permission[arg1]" time="0.066" /><testcase classname="cookbook.tests.api.test_api_recipe_book_entry" name="test_update[arg2]" time="0.172" /><testcase classname="cookbook.tests.api.test_api_keyword" name="test_tree_filter" time="0.204" /><testcase classname="cookbook.tests.api.test_api_ai_provider" name="test_update_global[arg6]" time="0.195" /><testcase classname="cookbook.tests.api.test_api_access_token" name="test_list_permission[arg2]" time="0.032" /><testcase classname="cookbook.tests.api.test_api_connector_config" name="test_delete" time="0.217" /><testcase classname="cookbook.tests.api.test_api_access_token" name="test_list_permission[arg3]" time="0.028" /><testcase classname="cookbook.tests.api.test_api_recipe_book_entry" name="test_add[arg1]" time="0.186" /><testcase classname="cookbook.tests.api.test_api_access_token" name="test_list_space" time="0.086" /><testcase classname="cookbook.tests.api.test_api_recipe_book_entry" name="test_update[arg3]" time="0.150" /><testcase classname="cookbook.tests.api.test_api_meal_plan" name="test_list_permission[arg0]" time="0.047" /><testcase classname="cookbook.tests.api.test_api_related_recipe" name="test_get_related_recipes[recipe3-2-arg0]" time="2.887" /><testcase classname="cookbook.tests.api.test_api_keyword" name="test_add[arg3]" time="0.513" /><testcase classname="cookbook.tests.api.test_api_access_token" name="test_token_visibility" time="0.050" /><testcase classname="cookbook.tests.api.test_api_ai_provider" name="test_update_global[arg7]" time="0.190" /><testcase classname="cookbook.tests.api.test_api_meal_plan" name="test_list_permission[arg1]" time="0.034" /><testcase classname="cookbook.tests.api.test_api_food_shopping" name="test_shopping_food_share" time="0.790" /><testcase classname="cookbook.tests.api.test_api_cook_log" name="test_list_permission[arg0]" time="0.009" /><testcase classname="cookbook.tests.api.test_api_cook_log" name="test_list_permission[arg1]" time="0.033" /><testcase classname="cookbook.tests.api.test_api_meal_plan" name="test_list_permission[arg2]" time="0.032" /><testcase classname="cookbook.tests.api.test_api_access_token" name="test_update[arg0]" time="0.031" /><testcase classname="cookbook.tests.api.test_api_recipe_book_entry" name="test_add[arg2]" time="0.215" /><testcase classname="cookbook.tests.api.test_api_meal_plan" name="test_list_permission[arg3]" time="0.030" /><testcase classname="cookbook.tests.api.test_api_invitelinke" name="test_update[arg4]" time="0.059" /><testcase classname="cookbook.tests.api.test_api_access_token" name="test_update[arg1]" time="0.047" /><testcase classname="cookbook.tests.api.test_api_recipe_book_entry" name="test_update[arg4]" time="0.161" /><testcase classname="cookbook.tests.api.test_api_shopping_list_entryv2" name="test_list_permission[arg3]" time="0.038" /><testcase classname="cookbook.tests.api.test_api_invitelinke" name="test_update[arg5]" time="0.065" /><testcase classname="cookbook.tests.api.test_api_ai_provider" name="test_add[arg0]" time="0.064" /><testcase classname="cookbook.tests.api.test_api_shopping_list_entryv2" name="test_delete" time="0.174" /><testcase classname="cookbook.tests.api.test_api_invitelinke" name="test_update[arg6]" time="0.069" /><testcase classname="cookbook.tests.api.test_api_meal_plan" name="test_list_space" time="0.341" /><testcase classname="cookbook.tests.api.test_api_ai_provider" name="test_add[arg1]" time="0.199" /><testcase classname="cookbook.tests.api.test_api_recipe_book_entry" name="test_update[arg5]" time="0.161" /><testcase classname="cookbook.tests.api.test_api_invitelinke" name="test_add[arg0]" time="0.066" /><testcase classname="cookbook.tests.api.test_api_recipe_book_entry" name="test_add[arg3]" time="0.178" /><testcase classname="cookbook.tests.api.test_api_invitelinke" name="test_add[arg4]" time="0.052" /><testcase classname="cookbook.tests.api.test_api_shopping_list_entryv2" name="test_list_space" time="0.244" /><testcase classname="cookbook.tests.api.test_api_invitelinke" name="test_add[arg1]" time="0.049" /><testcase classname="cookbook.tests.api.test_api_recipe" name="test_update[arg3]" time="0.638" /><testcase classname="cookbook.tests.api.test_api_invitelinke" name="test_delete" time="0.183" /><testcase classname="cookbook.tests.api.test_api_invitelinke" name="test_add[arg2]" time="0.046" /><testcase classname="cookbook.tests.api.test_api_recipe_book_entry" name="test_add_duplicate" time="0.095" /><testcase classname="cookbook.tests.api.test_api_shopping_list_recipe" name="test_list_permission[arg2]" time="0.037" /><testcase classname="cookbook.tests.api.test_api_recipe_book_entry" name="test_update[arg6]" time="0.165" /><testcase classname="cookbook.tests.api.test_api_property" name="test_add[arg3]" time="0.299" /><testcase classname="cookbook.tests.api.test_api_shopping_list_recipe" name="test_list_permission[arg3]" time="0.034" /><testcase classname="cookbook.tests.api.test_api_shopping_list_entryv2" name="test_sharing[g1_s1-20-sle_20]" time="0.537" /><testcase classname="cookbook.tests.api.test_api_keyword" name="test_list_permission[arg0]" time="0.046" /><testcase classname="cookbook.tests.api.test_api_recipe_book_entry" name="test_delete" time="0.126" /><testcase classname="cookbook.tests.api.test_api_shopping_list_entryv2" name="test_get_detail" time="0.145" /><testcase classname="cookbook.tests.api.test_api_ingredient" name="test_list_permission[arg2]" time="0.116" /><testcase classname="cookbook.tests.api.test_api_keyword" name="test_add_duplicate" time="0.737" /><testcase classname="cookbook.tests.api.test_api_meal_plan" name="test_list_filter" time="0.208" /><testcase classname="cookbook.tests.api.test_api_keyword" name="test_list_permission[arg1]" time="0.137" /><testcase classname="cookbook.tests.api.test_api_shopping_list_recipe" name="test_update[arg5]" time="0.161" /><testcase classname="cookbook.tests.api.test_api_meal_plan" name="test_update[arg1]" time="0.130" /><testcase classname="cookbook.tests.api.test_api_shopping_recipe" name="test_shopping_recipe_method[recipe0-10-arg3]" time="3.263" /><testcase classname="cookbook.tests.api.test_api_shopping_list_recipe" name="test_update[arg0]" time="0.144" /><testcase classname="cookbook.tests.api.test_api_ingredient" name="test_list_permission[arg3]" time="0.110" /><testcase classname="cookbook.tests.api.test_api_shopping_list_entryv2" name="test_update[arg0]" time="0.123" /><testcase classname="cookbook.tests.api.test_api_related_recipe" name="test_get_related_recipes[recipe0-0-arg0]" time="2.320" /><testcase classname="cookbook.tests.api.test_api_ai_provider" name="test_update[arg2]" time="0.204" /><testcase classname="cookbook.tests.api.test_api_property" name="test_list_permission[arg2]" time="0.116" /><testcase classname="cookbook.tests.api.test_api_meal_plan" name="test_update[arg2]" time="0.269" /><testcase classname="cookbook.tests.api.test_api_keyword" name="test_list_permission[arg2]" time="0.115" /><testcase classname="cookbook.tests.api.test_api_shopping_list_recipe" name="test_update[arg6]" time="0.143" /><testcase classname="cookbook.tests.api.test_api_shopping_list_recipe" name="test_update[arg1]" time="0.150" /><testcase classname="cookbook.tests.api.test_api_import_log" name="test_list_permission[arg0]" time="0.044" /><testcase classname="cookbook.tests.api.test_api_property" name="test_delete" time="0.220" /><testcase classname="cookbook.tests.api.test_api_shopping_list_entryv2" name="test_update[arg4]" time="0.156" /><testcase classname="cookbook.tests.api.test_api_shopping_list_entryv2" name="test_update[arg1]" time="0.138" /><testcase classname="cookbook.tests.api.test_api_property" name="test_list_permission[arg3]" time="0.114" /><testcase classname="cookbook.tests.api.test_api_keyword" name="test_list_permission[arg3]" time="0.116" /><testcase classname="cookbook.tests.api.test_api_import_log" name="test_list_permission[arg1]" time="0.118" /><testcase classname="cookbook.tests.api.test_api_ingredient" name="test_list_space" time="0.770" /><testcase classname="cookbook.tests.api.test_api_shopping_list_recipe" name="test_add[arg0]" time="0.120" /><testcase classname="cookbook.tests.api.test_api_ai_provider" name="test_update[arg3]" time="0.265" /><testcase classname="cookbook.tests.api.test_api_shopping_list_recipe" name="test_update[arg2]" time="0.181" /><testcase classname="cookbook.tests.api.test_api_import_log" name="test_list_permission[arg2]" time="0.108" /><testcase classname="cookbook.tests.api.test_api_ai_provider" name="test_add[arg3]" time="0.479" /><testcase classname="cookbook.tests.api.test_api_shopping_list_entryv2" name="test_update[arg5]" time="0.144" /><testcase classname="cookbook.tests.api.test_api_property_type" name="test_update[arg0]" time="0.032" /><testcase classname="cookbook.tests.api.test_api_shopping_list_entryv2" name="test_update[arg2]" time="0.157" /><testcase classname="cookbook.tests.api.test_api_property_type" name="test_list_permission[arg0]" time="0.010" /><testcase classname="cookbook.tests.api.test_api_meal_plan" name="test_update[arg3]" time="0.117" /><testcase classname="cookbook.tests.api.test_api_property_type" name="test_list_permission[arg1]" time="0.111" /><testcase classname="cookbook.tests.api.test_api_keyword" name="test_list_space" time="0.420" /><testcase classname="cookbook.tests.api.test_api_property_type" name="test_update[arg1]" time="0.123" /><testcase classname="cookbook.tests.api.test_api_food" name="test_update[arg4]" time="0.197" /><testcase classname="cookbook.tests.api.test_api_shopping_list_recipe" name="test_add[arg1]" time="0.158" /><testcase classname="cookbook.tests.api.test_api_recipe" name="test_update[arg4]" time="0.267" /><testcase classname="cookbook.tests.api.test_api_shopping_list_entryv2" name="test_sharing[g1_s2-10-sle_21]" time="0.466" /><testcase classname="cookbook.tests.api.test_api_import_log" name="test_list_permission[arg3]" time="0.103" /><testcase classname="cookbook.tests.api.test_api_property_type" name="test_list_permission[arg2]" time="0.110" /><testcase classname="cookbook.tests.api.test_api_meal_plan" name="test_update[arg4]" time="0.118" /><testcase classname="cookbook.tests.api.test_api_shopping_list_recipe" name="test_update[arg3]" time="0.141" /><testcase classname="cookbook.tests.api.test_api_shopping_list_entryv2" name="test_update[arg6]" time="0.144" /><testcase classname="cookbook.tests.api.test_api_property_type" name="test_update[arg2]" time="0.114" /><testcase classname="cookbook.tests.api.test_api_shopping_list_entryv2" name="test_update[arg3]" time="0.139" /><testcase classname="cookbook.tests.api.test_api_shopping_list_recipe" name="test_add[arg2]" time="0.138" /><testcase classname="cookbook.tests.api.test_api_ai_provider" name="test_update[arg4]" time="0.209" /><testcase classname="cookbook.tests.api.test_api_food" name="test_update[arg5]" time="0.219" /><testcase classname="cookbook.tests.api.test_api_property_type" name="test_list_permission[arg3]" time="0.111" /><testcase classname="cookbook.tests.api.test_api_meal_plan" name="test_update[arg5]" time="0.123" /><testcase classname="cookbook.tests.api.test_api_property_type" name="test_update[arg3]" time="0.129" /><testcase classname="cookbook.tests.api.test_api_step" name="test_update[arg0]" time="0.092" /><testcase classname="cookbook.tests.api.test_api_shopping_list_recipe" name="test_update[arg4]" time="0.143" /><testcase classname="cookbook.tests.api.test_api_shopping_list_entryv2" name="test_add[arg0]" time="0.124" /><testcase classname="cookbook.tests.api.test_api_import_log" name="test_list_space" time="0.474" /><testcase classname="cookbook.tests.api.test_api_keyword" name="test_delete" time="0.570" /><testcase classname="cookbook.tests.api.test_api_recipe" name="test_update[arg5]" time="0.282" /><testcase classname="cookbook.tests.api.test_api_step" name="test_add[arg2]" time="0.526" /><testcase classname="cookbook.tests.api.test_api_shopping_list_recipe" name="test_add[arg3]" time="0.156" /><testcase classname="cookbook.tests.api.test_api_step" name="test_update[arg1]" time="1.734" /><testcase classname="cookbook.tests.api.test_api_food_shopping" name="test_shopping_food_create[arg2]" time="0.427" /><testcase classname="cookbook.tests.api.test_api_meal_plan" name="test_update[arg6]" time="0.125" /><testcase classname="cookbook.tests.api.test_api_property_type" name="test_list_space" time="0.413" /><testcase classname="cookbook.tests.api.test_api_property_type" name="test_update[arg4]" time="0.133" /><testcase classname="cookbook.tests.api.test_api_ai_provider" name="test_update[arg5]" time="0.218" /><testcase classname="cookbook.tests.api.test_api_space" name="test_list_permission[arg4]" time="0.156" /><testcase classname="cookbook.tests.api.test_api_shopping_list_entryv2" name="test_add[arg1]" time="0.171" /><testcase classname="cookbook.tests.api.test_api_food" name="test_update[arg6]" time="0.215" /><testcase classname="cookbook.tests.api.test_api_ai_provider" name="test_delete" time="0.488" /><testcase classname="cookbook.tests.api.test_api_import_log" name="test_update[['u1_s1', 200]]" time="0.188" /><testcase classname="cookbook.tests.api.test_api_meal_plan" name="test_add[arg0]" time="0.110" /><testcase classname="cookbook.tests.api.test_api_shopping_list_recipe" name="test_delete" time="0.191" /><testcase classname="cookbook.tests.api.test_api_property_type" name="test_update[arg5]" time="0.603" /><testcase classname="cookbook.tests.api.test_api_shopping_list_entryv2" name="test_sharing[u2_s1-20-sle_22]" time="0.539" /><testcase classname="cookbook.tests.api.test_api_food" name="test_list_permission[arg2]" time="0.130" /><testcase classname="cookbook.tests.api.test_api_storage" name="test_update[arg1]" time="1.587" /><testcase classname="cookbook.tests.api.test_api_space" name="test_list_multiple" time="0.331" /><testcase classname="cookbook.tests.api.test_api_shopping_list_entryv2" name="test_add[arg2]" time="0.153" /><testcase classname="cookbook.tests.api.test_api_recipe" name="test_update[arg6]" time="0.274" /><testcase classname="cookbook.tests.api.test_api_ai_provider" name="test_update[arg6]" time="0.221" /><testcase classname="cookbook.tests.api.test_api_ingredient" name="test_update[arg0]" time="0.100" /><testcase classname="cookbook.tests.api.test_api_food" name="test_add[arg0]" time="0.062" /><testcase classname="cookbook.tests.api.test_api_food" name="test_list_permission[arg3]" time="0.123" /><testcase classname="cookbook.tests.api.test_api_space" name="test_update[arg5]" time="0.143" /><testcase classname="cookbook.tests.api.test_api_import_log" name="test_update[['a1_s1', 200]]" time="0.199" /><testcase classname="cookbook.tests.api.test_api_shopping_recipe" name="test_shopping_recipe_method[recipe0-10-arg0]" time="0.364" /><testcase classname="cookbook.tests.api.test_api_food" name="test_add[arg1]" time="0.234" /><testcase classname="cookbook.tests.api.test_api_ingredient" name="test_update[arg1]" time="0.204" /><testcase classname="cookbook.tests.api.test_api_shopping_list_entryv2" name="test_add[arg3]" time="0.169" /><testcase classname="cookbook.tests.api.test_api_food_shopping" name="test_shopping_food_create[arg3]" time="0.240" /><testcase classname="cookbook.tests.api.test_api_space" name="test_superuser_parameters" time="0.677" /><testcase classname="cookbook.tests.api.test_api_space" name="test_update[arg6]" time="0.144" /><testcase classname="cookbook.tests.api.test_api_ai_provider" name="test_update_global[arg0]" time="0.058" /><testcase classname="cookbook.tests.api.test_api_food" name="test_list_space" time="0.525" /><testcase classname="cookbook.tests.api.test_api_step" name="test_add[arg3]" time="0.323" /><testcase classname="cookbook.tests.api.test_api_storage" name="test_add[arg3]" time="0.357" /><testcase classname="cookbook.tests.api.test_api_keyword" name="test_move" time="1.242" /><testcase classname="cookbook.tests.api.test_api_ai_provider" name="test_list_permission[arg2]" time="0.122" /><testcase classname="cookbook.tests.api.test_api_import_log" name="test_update[['g1_s2', 403]]" time="0.202" /><testcase classname="cookbook.tests.api.test_api_space" name="test_update[arg0]" time="0.035" /><testcase classname="cookbook.tests.api.test_api_recipe" name="test_update_share" time="0.917" /><testcase classname="cookbook.tests.api.test_api_ai_provider" name="test_update_global[arg1]" time="0.223" /><testcase classname="cookbook.tests.api.test_api_space" name="test_update[arg1]" time="0.132" /><testcase classname="cookbook.tests.api.test_api_ingredient" name="test_update[arg4]" time="0.201" /><testcase classname="cookbook.tests.api.test_api_ingredient" name="test_update[arg2]" time="0.222" /><testcase classname="cookbook.tests.api.test_api_food" name="test_add[arg2]" time="0.667" /><testcase classname="cookbook.tests.api.test_api_ai_provider" name="test_delete_global" time="0.417" /><testcase classname="cookbook.tests.api.test_api_space" name="test_add[arg0]" time="0.029" /><testcase classname="cookbook.tests.api.test_api_ai_provider" name="test_list_permission[arg3]" time="0.118" /><testcase classname="cookbook.tests.api.test_api_space" name="test_add[arg1]" time="0.151" /><testcase classname="cookbook.tests.api.test_api_food_shopping" name="test_shopping_food_create[arg4]" time="0.428" /><testcase classname="cookbook.tests.api.test_api_space" name="test_update[arg2]" time="0.139" /><testcase classname="cookbook.tests.api.test_api_shopping_recipe" name="test_shopping_recipe_method[recipe0-10-arg1]" time="1.310" /><testcase classname="cookbook.tests.api.test_api_import_log" name="test_update[['u1_s2', 404]]" time="0.209" /><testcase classname="cookbook.tests.api.test_api_shopping_list_entryv2" name="test_sharing[u1_s2-10-sle_23]" time="0.507" /><testcase classname="cookbook.tests.api.test_api_supermarket" name="test_add[arg1]" time="0.149" /><testcase classname="cookbook.tests.api.test_api_property_type" name="test_update[arg6]" time="0.151" /><testcase classname="cookbook.tests.api.test_api_sync" name="test_update[arg0]" time="0.033" /><testcase classname="cookbook.tests.api.test_api_ingredient" name="test_update[arg5]" time="0.202" /><testcase classname="cookbook.tests.api.test_api_space" name="test_add[arg2]" time="0.147" /><testcase classname="cookbook.tests.api.test_api_sync" name="test_update[arg1]" time="0.139" /><testcase classname="cookbook.tests.api.test_api_ai_provider" name="test_list_space" time="0.666" /><testcase classname="cookbook.tests.api.test_api_food" name="test_tree_filter" time="0.398" /><testcase classname="cookbook.tests.api.test_api_space" name="test_update[arg3]" time="0.228" /><testcase classname="cookbook.tests.api.test_api_storage" name="test_delete" time="0.249" /><testcase classname="cookbook.tests.api.test_api_step" name="test_delete" time="0.327" /><testcase classname="cookbook.tests.api.test_api_supermarket" name="test_add[arg2]" time="0.348" /><testcase classname="cookbook.tests.api.test_api_property_type" name="test_add[arg0]" time="0.029" /><testcase classname="cookbook.tests.api.test_api_import_log" name="test_update[['a1_s2', 404]]" time="0.195" /><testcase classname="cookbook.tests.api.test_api_space" name="test_add[arg3]" time="0.156" /><testcase classname="cookbook.tests.api.test_api_sync" name="test_update[arg2]" time="0.126" /><testcase classname="cookbook.tests.api.test_api_sync" name="test_add[arg2]" time="0.137" /><testcase classname="cookbook.tests.api.test_api_connector_config" name="test_list_permission[arg0]" time="0.039" /><testcase classname="cookbook.tests.api.test_api_food" name="test_list_filter" time="0.782" /><testcase classname="cookbook.tests.api.test_api_ingredient" name="test_update[arg6]" time="0.224" /><testcase classname="cookbook.tests.api.test_api_connector_config" name="test_list_permission[arg1]" time="0.131" /><testcase classname="cookbook.tests.api.test_api_supermarket" name="test_list_permission[arg0]" time="0.015" /><testcase classname="cookbook.tests.api.test_api_sync" name="test_update[arg3]" time="0.153" /><testcase classname="cookbook.tests.api.test_api_step" name="test_list_permission[arg0]" time="0.012" /><testcase classname="cookbook.tests.api.test_api_supermarket" name="test_list_permission[arg1]" time="0.134" /><testcase classname="cookbook.tests.api.test_api_space" name="test_update[arg4]" time="0.155" /><testcase classname="cookbook.tests.api.test_api_step" name="test_list_permission[arg1]" time="0.122" /><testcase classname="cookbook.tests.api.test_api_related_recipe" name="test_get_related_recipes[recipe0-0-arg2]" time="0.272" /><testcase classname="cookbook.tests.api.test_api_sync" name="test_add[arg3]" time="0.359" /><testcase classname="cookbook.tests.api.test_api_food_shopping" name="test_shopping_food_delete[arg0]" time="0.038" /><testcase classname="cookbook.tests.api.test_api_storage" name="test_list_permission[arg0]" time="0.012" /><testcase classname="cookbook.tests.api.test_api_space" name="test_delete" time="0.259" /><testcase classname="cookbook.tests.api.test_api_storage" name="test_list_permission[arg1]" time="0.125" /><testcase classname="cookbook.tests.api.test_api_food_shopping" name="test_shopping_food_delete[arg1]" time="0.255" /><testcase classname="cookbook.tests.api.test_api_import_log" name="test_delete" time="0.295" /><testcase classname="cookbook.tests.api.test_api_connector_config" name="test_list_permission[arg2]" time="0.116" /><testcase classname="cookbook.tests.api.test_api_property_type" name="test_add[arg2]" time="0.368" /><testcase classname="cookbook.tests.api.test_api_ingredient" name="test_add[arg0]" time="0.064" /><testcase classname="cookbook.tests.api.test_api_supermarket" name="test_list_permission[arg2]" time="0.131" /><testcase classname="cookbook.tests.api.test_api_step" name="test_list_permission[arg2]" time="0.129" /><testcase classname="cookbook.tests.api.test_api_unit" name="test_list_permission[arg2]" time="0.133" /><testcase classname="cookbook.tests.api.test_api_sync" name="test_update[arg4]" time="0.160" /><testcase classname="cookbook.tests.api.test_api_ingredient" name="test_add[arg1]" time="0.199" /><testcase classname="cookbook.tests.api.test_api_shopping_list_entryv2" name="test_sharing[a1_s1-20-sle_24]" time="0.587" /><testcase classname="cookbook.tests.api.test_api_supermarket" name="test_add[arg3]" time="0.345" /><testcase classname="cookbook.tests.api.test_api_storage" name="test_list_permission[arg2]" time="0.114" /><testcase classname="cookbook.tests.api.test_api_food" name="test_add[arg3]" time="0.682" /><testcase classname="cookbook.tests.api.test_api_connector_config" name="test_list_permission[arg3]" time="0.146" /><testcase classname="cookbook.tests.api.test_api_food" name="test_inherit[obj_tree_10-supermarket_category-True-cat_1]" time="0.330" /><testcase classname="cookbook.tests.api.test_api_supermarket" name="test_list_permission[arg3]" time="0.125" /><testcase classname="cookbook.tests.api.test_api_step" name="test_list_permission[arg3]" time="0.134" /><testcase classname="cookbook.tests.api.test_api_unit" name="test_list_permission[arg3]" time="0.145" /><testcase classname="cookbook.tests.api.test_api_unit" name="test_update[arg4]" time="0.140" /><testcase classname="cookbook.tests.api.test_api_sync_log" name="test_update[arg6]" time="0.141" /><testcase classname="cookbook.tests.api.test_api_storage" name="test_list_permission[arg3]" time="0.122" /><testcase classname="cookbook.tests.api.test_api_sync" name="test_update[arg5]" time="0.149" /><testcase classname="cookbook.tests.api.test_api_related_recipe" name="test_get_related_recipes[recipe0-0-arg3]" time="0.441" /><testcase classname="cookbook.tests.api.test_api_food_shopping" name="test_shopping_food_delete[arg2]" time="0.464" /><testcase classname="cookbook.tests.api.test_api_ingredient" name="test_add[arg2]" time="0.382" /><testcase classname="cookbook.tests.api.test_api_sync_log" name="test_update[arg0]" time="0.037" /><testcase classname="cookbook.tests.api.test_api_ai_provider" name="test_update[arg0]" time="0.049" /><testcase classname="cookbook.tests.api.test_api_recipe" name="test_update_private_recipe" time="1.726" /><testcase classname="cookbook.tests.api.test_api_keyword" name="test_update[arg0]" time="0.053" /><testcase classname="cookbook.tests.api.test_api_sync" name="test_delete" time="0.258" /><testcase classname="cookbook.tests.api.test_api_sync_log" name="test_update[arg1]" time="0.154" /><testcase classname="cookbook.tests.api.test_api_unit" name="test_update[arg5]" time="0.155" /><testcase classname="cookbook.tests.api.test_api_unit_conversion" name="test_update[arg6]" time="0.169" /><testcase classname="cookbook.tests.api.test_api_property_type" name="test_add[arg3]" time="0.338" /><testcase classname="cookbook.tests.api.test_api_supermarket" name="test_list_space" time="0.507" /><testcase classname="cookbook.tests.api.test_api_keyword" name="test_update[arg1]" time="0.250" /><testcase classname="cookbook.tests.api.test_api_sync_log" name="test_add[arg0]" time="0.059" /><testcase classname="cookbook.tests.api.test_api_sync" name="test_update[arg6]" time="0.139" /><testcase classname="cookbook.tests.api.test_api_unit" name="test_list_space" time="0.483" /><testcase classname="cookbook.tests.api.test_api_storage" name="test_list_space" time="0.496" /><testcase classname="cookbook.tests.api.test_api_food" name="test_inherit[obj_tree_11-supermarket_category-False-cat_1]" time="0.110" /><testcase classname="cookbook.tests.api.test_api_sync_log" name="test_add[arg1]" time="0.163" /><testcase classname="cookbook.tests.api.test_api_invitelinke" name="test_list_permission[arg0]" time="0.088" /><testcase classname="cookbook.tests.api.test_api_step" name="test_list_space" time="1.359" /><testcase classname="cookbook.tests.api.test_api_related_recipe" name="test_get_related_recipes[recipe3-2-arg1]" time="0.712" /><testcase classname="cookbook.tests.api.test_api_supermarket" name="test_delete" time="0.241" /><testcase classname="cookbook.tests.api.test_api_sync_log" name="test_update[arg2]" time="0.127" /><testcase classname="cookbook.tests.api.test_api_unit" name="test_update[arg6]" time="0.145" /><testcase classname="cookbook.tests.api.test_api_sync_log" name="test_list_permission[arg0]" time="0.012" /><testcase classname="cookbook.tests.api.test_api_invitelinke" name="test_list_permission[arg1]" time="0.078" /><testcase classname="cookbook.tests.api.test_api_unit_conversion" name="test_add[arg0]" time="0.063" /><testcase classname="cookbook.tests.api.test_api_food" name="test_inherit[obj_tree_12-ignore_shopping-True-false]" time="0.286" /><testcase classname="cookbook.tests.api.test_api_sync_log" name="test_list_permission[arg1]" time="0.127" /><testcase classname="cookbook.tests.api.test_api_sync" name="test_add[arg0]" time="0.056" /><testcase classname="cookbook.tests.api.test_api_step" name="test_update[arg2]" time="0.612" /><testcase classname="cookbook.tests.api.test_api_food" name="test_update[arg0]" time="0.054" /><testcase classname="cookbook.tests.api.test_api_unit_conversion" name="test_add[arg1]" time="0.173" /><testcase classname="cookbook.tests.api.test_api_sync_log" name="test_add[arg2]" time="0.152" /><testcase classname="cookbook.tests.api.test_api_invitelinke" name="test_list_permission[arg2]" time="0.078" /><testcase classname="cookbook.tests.api.test_api_storage" name="test_update[arg2]" time="0.149" /><testcase classname="cookbook.tests.api.test_api_sync_log" name="test_update[arg3]" time="0.178" /><testcase classname="cookbook.tests.api.test_api_keyword" name="test_update[arg2]" time="0.410" /><testcase classname="cookbook.tests.api.test_api_sync" name="test_add[arg1]" time="0.185" /><testcase classname="cookbook.tests.api.test_api_food" name="test_delete" time="0.738" /><testcase classname="cookbook.tests.api.test_api_food_shopping" name="test_shopping_forbidden_methods" time="0.529" /><testcase classname="cookbook.tests.api.test_api_unit" name="test_add[arg0]" time="0.029" /><testcase classname="cookbook.tests.api.test_api_ingredient" name="test_add[arg3]" time="0.418" /><testcase classname="cookbook.tests.api.test_api_food" name="test_update[arg1]" time="0.263" /><testcase classname="cookbook.tests.api.test_api_sync" name="test_list_permission[arg0]" time="0.012" /><testcase classname="cookbook.tests.api.test_api_sync_log" name="test_list_permission[arg2]" time="0.133" /><testcase classname="cookbook.tests.api.test_api_sync" name="test_list_permission[arg1]" time="0.122" /><testcase classname="cookbook.tests.api.test_api_unit" name="test_add[arg1]" time="0.129" /><testcase classname="cookbook.tests.api.test_api_property_type" name="test_add_duplicate" time="0.247" /><testcase classname="cookbook.tests.api.test_api_invitelinke" name="test_list_permission[arg3]" time="0.219" /><testcase classname="cookbook.tests.api.test_api_unit" name="test_delete" time="0.272" /><testcase classname="cookbook.tests.api.test_api_shopping_list_entryv2" name="test_sharing[a1_s2-10-sle_25]" time="0.574" /><testcase classname="cookbook.tests.api.test_api_storage" name="test_update[arg3]" time="0.144" /><testcase classname="cookbook.tests.api.test_api_sync_log" name="test_add[arg3]" time="0.151" /><testcase classname="cookbook.tests.api.test_api_unit_conversion" name="test_add[arg2]" time="0.418" /><testcase classname="cookbook.tests.api.test_api_food" name="test_inherit[obj_tree_13-ignore_shopping-False-false]" time="0.077" /><testcase classname="cookbook.tests.api.test_api_sync_log" name="test_update[arg4]" time="0.164" /><testcase classname="cookbook.tests.api.test_api_supermarket" name="test_update[arg1]" time="0.189" /><testcase classname="cookbook.tests.api.test_api_sync" name="test_list_permission[arg2]" time="0.193" /><testcase classname="cookbook.tests.api.test_api_shopping_recipe" name="test_shopping_recipe_method[recipe3-29-arg1]" time="1.730" /><testcase classname="cookbook.tests.api.test_api_sync_log" name="test_list_permission[arg3]" time="0.157" /><testcase classname="cookbook.tests.api.test_api_unit" name="test_add[arg2]" time="0.347" /><testcase classname="cookbook.tests.api.test_api_userpreference" name="test_preference_list" time="0.095" /><testcase classname="cookbook.tests.api.test_api_related_recipe" name="test_get_related_recipes[recipe1-1-arg0]" time="0.578" /><testcase classname="cookbook.tests.api.test_api_supermarket" name="test_list_filter" time="0.453" /><testcase classname="cookbook.tests.api.test_api_unit" name="test_list_filter" time="0.460" /><testcase classname="cookbook.tests.api.test_api_shopping_recipe" name="test_shopping_recipe_method[recipe0-10-arg2]" time="0.396" /><testcase classname="cookbook.tests.api.test_api_storage" name="test_update[arg0]" time="0.046" /><testcase classname="cookbook.tests.api.test_api_keyword" name="test_merge" time="1.973" /><testcase classname="cookbook.tests.api.test_api_userpreference" name="test_preference_retrieve[arg0]" time="0.052" /><testcase classname="cookbook.tests.api.test_api_storage" name="test_update[arg4]" time="0.197" /><testcase classname="cookbook.tests.api.test_api_food" name="test_inherit[obj_tree_14-substitute_children-True-false]" time="0.289" /><testcase classname="cookbook.tests.api.test_api_food" name="test_update[arg2]" time="0.444" /><testcase classname="cookbook.tests.api.test_api_invitelinke" name="test_list_permission[arg4]" time="0.099" /><testcase classname="cookbook.tests.api.test_api_recipe" name="test_add[arg3]" time="1.509" /><testcase classname="cookbook.tests.api.test_api_sync_log" name="test_delete" time="0.300" /><testcase classname="cookbook.tests.api.test_api_userpreference" name="test_preference_retrieve[arg1]" time="0.064" /><testcase classname="cookbook.tests.api.test_api_property_type" name="test_delete" time="0.271" /><testcase classname="cookbook.tests.api.test_api_sync_log" name="test_update[arg5]" time="0.191" /><testcase classname="cookbook.tests.api.test_api_userspace" name="test_delete_user" time="0.509" /><testcase classname="cookbook.tests.api.test_api_supermarket" name="test_update[arg2]" time="0.153" /><testcase classname="cookbook.tests.api.test_api_sync" name="test_list_permission[arg3]" time="0.131" /><testcase classname="cookbook.tests.api.test_api_invitelinke" name="test_update[arg0]" time="0.085" /><testcase classname="cookbook.tests.api.test_api_userpreference" name="test_preference_retrieve[arg2]" time="0.076" /><testcase classname="cookbook.tests.api.test_api_keyword" name="test_update[arg3]" time="0.426" /><testcase classname="cookbook.tests.api.test_api_unit" name="test_merge" time="0.871" /><testcase classname="cookbook.tests.api.test_api_sync_log" name="test_list_space" time="0.541" /><testcase classname="cookbook.tests.api.test_api_userpreference" name="test_preference_retrieve[arg3]" time="0.046" /><testcase classname="cookbook.tests.api.test_api_invitelinke" name="test_update[arg1]" time="0.092" /><testcase classname="cookbook.tests.api.test_api_unit_conversion" name="test_update[arg0]" time="0.065" /><testcase classname="cookbook.tests.api.test_api_storage" name="test_update[arg5]" time="0.165" /><testcase classname="cookbook.tests.api.test_api_userspace" name="test_list_all_personal" time="0.301" /><testcase classname="cookbook.tests.api.test_api_food" name="test_inherit[obj_tree_15-substitute_children-False-false]" time="0.070" /><testcase classname="cookbook.tests.api.test_api_userpreference" name="test_preference_update" time="0.142" /><testcase classname="cookbook.tests.api.test_api_shopping_list_entryv2" name="test_recent" time="0.269" /><testcase classname="cookbook.tests.api.test_api_unit_conversion" name="test_update[arg1]" time="0.182" /><testcase classname="cookbook.tests.api.test_api_unit" name="test_add[arg3]" time="0.369" /><testcase classname="cookbook.tests.api.test_api_unit" name="test_list_permission[arg0]" time="0.011" /><testcase classname="cookbook.tests.other.test_automations" name="test_food_automation[arg2]" time="0.045" /><testcase classname="cookbook.tests.api.test_api_step" name="test_update[arg3]" time="0.392" /><testcase classname="cookbook.tests.api.test_api_unit_conversion" name="test_add[arg3]" time="0.409" /><testcase classname="cookbook.tests.api.test_api_property" name="test_list_space" time="0.488" /><testcase classname="cookbook.tests.api.test_api_related_recipe" name="test_get_related_recipes[recipe3-2-arg2]" time="0.623" /><testcase classname="cookbook.tests.api.test_api_unit" name="test_list_permission[arg1]" time="0.149" /><testcase classname="cookbook.tests.api.test_api_recipe" name="test_list_permission[arg0]" time="0.032" /><testcase classname="cookbook.tests.api.test_api_userspace" name="test_update[arg6]" time="0.079" /><testcase classname="cookbook.tests.other.test_automations" name="test_food_automation[arg3]" time="0.031" /><testcase classname="cookbook.tests.api.test_api_sync" name="test_list_space" time="0.532" /><testcase classname="cookbook.tests.api.test_api_recipe" name="test_list_permission[arg1]" time="0.166" /><testcase classname="cookbook.tests.other.test_automations" name="test_keyword_automation[arg0]" time="0.030" /><testcase classname="cookbook.tests.api.test_api_view_log" name="test_update[arg0]" time="0.121" /><testcase classname="cookbook.tests.api.test_api_storage" name="test_update[arg6]" time="0.139" /><testcase classname="cookbook.tests.api.test_api_userspace" name="test_update_space_owner" time="0.138" /><testcase classname="cookbook.tests.other.test_automations" name="test_keyword_automation[arg1]" time="0.034" /><testcase classname="cookbook.tests.api.test_api_unit" name="test_update[arg0]" time="0.016" /><testcase classname="cookbook.tests.api.test_api_shopping_list_recipe" name="test_list_permission[arg0]" time="0.014" /><testcase classname="cookbook.tests.api.test_api_supermarket" name="test_update[arg0]" time="0.036" /><testcase classname="cookbook.tests.api.test_api_unit" name="test_update[arg1]" time="0.118" /><testcase classname="cookbook.tests.other.test_automations" name="test_keyword_automation[arg2]" time="0.035" /><testcase classname="cookbook.tests.api.test_api_userpreference" name="test_preference_delete" time="0.087" /><testcase classname="cookbook.tests.api.test_api_shopping_list_recipe" name="test_list_permission[arg1]" time="0.062" /><testcase classname="cookbook.tests.api.test_api_unit_conversion" name="test_update[arg2]" time="0.176" /><testcase classname="cookbook.tests.other.test_automations" name="test_regex_automation[arg3-source1]" time="0.073" /><testcase classname="cookbook.tests.api.test_api_view_log" name="test_update[arg1]" time="0.126" /><testcase classname="cookbook.tests.api.test_api_food" name="test_move" time="0.806" /><testcase classname="cookbook.tests.other.test_automations" name="test_keyword_automation[arg3]" time="0.043" /><testcase classname="cookbook.tests.other.test_automations" name="test_regex_automation[arg1-source1]" time="0.048" /><testcase classname="cookbook.tests.other.test_automations" name="test_unit_automation[arg1]" time="0.043" /><testcase classname="cookbook.tests.api.test_api_userpreference" name="test_default_inherit_fields" time="0.156" /><testcase classname="cookbook.tests.other.test_automations" name="test_unit_automation[arg0]" time="0.041" /><testcase classname="cookbook.tests.api.test_api_recipe" name="test_list_permission[arg2]" time="0.151" /><testcase classname="cookbook.tests.api.test_api_userspace" name="test_add[arg0]" time="0.055" /><testcase classname="cookbook.tests.other.test_automations" name="test_transpose_automation[arg1]" time="0.042" /><testcase classname="cookbook.tests.other.test_automations" name="test_regex_automation[arg1-source2]" time="0.044" /><testcase classname="cookbook.tests.other.test_automations" name="test_regex_automation[arg3-source2]" time="0.051" /><testcase classname="cookbook.tests.api.test_api_unit" name="test_update[arg2]" time="0.133" /><testcase classname="cookbook.tests.api.test_api_storage" name="test_add[arg0]" time="0.059" /><testcase classname="cookbook.tests.other.test_automations" name="test_unit_automation[arg2]" time="0.057" /><testcase classname="cookbook.tests.api.test_api_related_recipe" name="test_get_related_recipes[recipe1-1-arg1]" time="0.626" /><testcase classname="cookbook.tests.api.test_api_keyword" name="test_update[arg4]" time="0.233" /><testcase classname="cookbook.tests.other.test_automations" name="test_transpose_automation[arg2]" time="0.035" /><testcase classname="cookbook.tests.other.test_ingredient_parser" name="test_ingredient_parser[arg0]" time="0.072" /><testcase classname="cookbook.tests.api.test_api_userspace" name="test_update[arg0]" time="0.057" /><testcase classname="cookbook.tests.other.test_automations" name="test_regex_automation[arg2-source0]" time="0.043" /><testcase classname="cookbook.tests.api.test_api_userspace" name="test_add[arg1]" time="0.052" /><testcase classname="cookbook.tests.other.test_automations" name="test_regex_automation[arg4-source0]" time="0.041" /><testcase classname="cookbook.tests.api.test_api_userspace" name="test_delete_admin" time="0.206" /><testcase classname="cookbook.tests.other.test_automations" name="test_unit_automation[arg3]" time="0.043" /><testcase classname="cookbook.tests.other.test_automations" name="test_url_import_regex_replace" time="0.190" /><testcase classname="cookbook.tests.api.test_api_storage" name="test_add[arg1]" time="0.185" /><testcase classname="cookbook.tests.api.test_api_unit_conversion" name="test_update[arg3]" time="0.172" /><testcase classname="cookbook.tests.other.test_automations" name="test_regex_automation[arg4-source1]" time="0.037" /><testcase classname="cookbook.tests.api.test_api_view_log" name="test_update[arg2]" time="0.133" /><testcase classname="cookbook.tests.other.test_ingredient_parser" name="test_ingredient_parser[arg1]" time="0.630" /><testcase classname="cookbook.tests.api.test_api_userspace" name="test_add[arg2]" time="0.046" /><testcase classname="cookbook.tests.other.test_automations" name="test_regex_automation[arg2-source1]" time="0.048" /><testcase classname="cookbook.tests.api.test_api_userspace" name="test_update[arg1]" time="0.082" /><testcase classname="cookbook.tests.other.test_automations" name="test_never_unit_automation[arg0]" time="0.055" /><testcase classname="cookbook.tests.other.test_automations" name="test_regex_automation[arg4-source2]" time="0.042" /><testcase classname="cookbook.tests.api.test_api_recipe" name="test_list_permission[arg3]" time="0.141" /><testcase classname="cookbook.tests.api.test_api_unit" name="test_add_duplicate" time="0.265" /><testcase classname="cookbook.tests.api.test_api_unit" name="test_update[arg3]" time="0.151" /><testcase classname="cookbook.tests.other.test_automations" name="test_regex_automation[arg2-source2]" time="0.046" /><testcase classname="cookbook.tests.api.test_api_userspace" name="test_list_permission[arg0]" time="0.095" /><testcase classname="cookbook.tests.other.test_automations" name="test_never_unit_automation[arg1]" time="0.038" /><testcase classname="cookbook.tests.api.test_api_step" name="test_update[arg4]" time="0.244" /><testcase classname="cookbook.tests.api.test_api_userspace" name="test_add[arg3]" time="0.072" /><testcase classname="cookbook.tests.other.test_automations" name="test_transpose_automation[arg0]" time="0.047" /><testcase classname="cookbook.tests.api.test_api_unit_conversion" name="test_add_duplicate" time="0.330" /><testcase classname="cookbook.tests.api.test_api_userspace" name="test_update[arg2]" time="0.068" /><testcase classname="cookbook.tests.api.test_api_view_log" name="test_list_permission[arg0]" time="0.014" /><testcase classname="cookbook.tests.api.test_api_view_log" name="test_update[arg3]" time="0.114" /><testcase classname="cookbook.tests.api.test_api_shopping_recipe" name="test_shopping_recipe_method[recipe1-20-arg0]" time="0.644" /><testcase classname="cookbook.tests.other.test_recipe_full_text_search" name="test_fuzzy_lookup[{'unit': True}-unit-(('fuzzy_search', True), ('unaccent', True))]" time="0.001"><skipped type="pytest.skip" message="requires PostgreSQL">C:\Users\Benedikt.Sienz\Documents\Development\Django\recipes\cookbook\tests\other\test_recipe_full_text_search.py:268: requires PostgreSQL</skipped></testcase><testcase classname="cookbook.tests.other.test_automations" name="test_regex_automation[arg3-source0]" time="0.053" /><testcase classname="cookbook.tests.api.test_api_view_log" name="test_list_permission[arg1]" time="0.045" /><testcase classname="cookbook.tests.other.test_recipe_full_text_search" name="test_fuzzy_lookup[{'unit': True}-unit-(('fuzzy_search', True), ('unaccent', False))]" time="0.001"><skipped type="pytest.skip" message="requires PostgreSQL">C:\Users\Benedikt.Sienz\Documents\Development\Django\recipes\cookbook\tests\other\test_recipe_full_text_search.py:268: requires PostgreSQL</skipped></testcase><testcase classname="cookbook.tests.other.test_recipe_full_text_search" name="test_fuzzy_lookup[{'unit': True}-unit-(('fuzzy_search', False), ('unaccent', True))]" time="0.001"><skipped type="pytest.skip" message="requires PostgreSQL">C:\Users\Benedikt.Sienz\Documents\Development\Django\recipes\cookbook\tests\other\test_recipe_full_text_search.py:268: requires PostgreSQL</skipped></testcase><testcase classname="cookbook.tests.other.test_recipe_full_text_search" name="test_fuzzy_lookup[{'unit': True}-unit-(('fuzzy_search', False), ('unaccent', False))]" time="0.001"><skipped type="pytest.skip" message="requires PostgreSQL">C:\Users\Benedikt.Sienz\Documents\Development\Django\recipes\cookbook\tests\other\test_recipe_full_text_search.py:268: requires PostgreSQL</skipped></testcase><testcase classname="cookbook.tests.other.test_recipe_full_text_search" name="test_fuzzy_lookup[{'unit': True}-unit-(('fuzzy_lookups', True), ('unaccent', True))]" time="0.001"><skipped type="pytest.skip" message="requires PostgreSQL">C:\Users\Benedikt.Sienz\Documents\Development\Django\recipes\cookbook\tests\other\test_recipe_full_text_search.py:268: requires PostgreSQL</skipped></testcase><testcase classname="cookbook.tests.other.test_permission_helper" name="test_has_group_permission" time="0.573" /><testcase classname="cookbook.tests.other.test_recipe_full_text_search" name="test_fuzzy_lookup[{'food': True}-food-(('fuzzy_search', False), ('unaccent', False))]" time="0.001"><skipped type="pytest.skip" message="requires PostgreSQL">C:\Users\Benedikt.Sienz\Documents\Development\Django\recipes\cookbook\tests\other\test_recipe_full_text_search.py:268: requires PostgreSQL</skipped></testcase><testcase classname="cookbook.tests.other.test_recipe_full_text_search" name="test_fuzzy_lookup[{'food': True}-food-(('fuzzy_lookups', True), ('unaccent', True))]" time="0.001"><skipped type="pytest.skip" message="requires PostgreSQL">C:\Users\Benedikt.Sienz\Documents\Development\Django\recipes\cookbook\tests\other\test_recipe_full_text_search.py:268: requires PostgreSQL</skipped></testcase><testcase classname="cookbook.tests.other.test_recipe_full_text_search" name="test_fuzzy_lookup[{'food': True}-food-(('fuzzy_lookups', True), ('unaccent', False))]" time="0.001"><skipped type="pytest.skip" message="requires PostgreSQL">C:\Users\Benedikt.Sienz\Documents\Development\Django\recipes\cookbook\tests\other\test_recipe_full_text_search.py:268: requires PostgreSQL</skipped></testcase><testcase classname="cookbook.tests.other.test_recipe_full_text_search" name="test_fuzzy_lookup[{'unit': True}-unit-(('fuzzy_lookups', True), ('unaccent', False))]" time="0.001"><skipped type="pytest.skip" message="requires PostgreSQL">C:\Users\Benedikt.Sienz\Documents\Development\Django\recipes\cookbook\tests\other\test_recipe_full_text_search.py:268: requires PostgreSQL</skipped></testcase><testcase classname="cookbook.tests.other.test_recipe_full_text_search" name="test_fuzzy_lookup[{'unit': True}-unit-(('fuzzy_lookups', False), ('unaccent', True))]" time="0.001"><skipped type="pytest.skip" message="requires PostgreSQL">C:\Users\Benedikt.Sienz\Documents\Development\Django\recipes\cookbook\tests\other\test_recipe_full_text_search.py:268: requires PostgreSQL</skipped></testcase><testcase classname="cookbook.tests.api.test_api_view_log" name="test_add[arg0]" time="0.168" /><testcase classname="cookbook.tests.other.test_recipe_full_text_search" name="test_fuzzy_lookup[{'unit': True}-unit-(('fuzzy_lookups', False), ('unaccent', False))]" time="0.001"><skipped type="pytest.skip" message="requires PostgreSQL">C:\Users\Benedikt.Sienz\Documents\Development\Django\recipes\cookbook\tests\other\test_recipe_full_text_search.py:268: requires PostgreSQL</skipped></testcase><testcase classname="cookbook.tests.api.test_api_property" name="test_update[arg0]" time="0.062" /><testcase classname="cookbook.tests.other.test_recipe_full_text_search" name="test_fuzzy_lookup[{'food': True}-food-(('fuzzy_lookups', False), ('unaccent', True))]" time="0.001"><skipped type="pytest.skip" message="requires PostgreSQL">C:\Users\Benedikt.Sienz\Documents\Development\Django\recipes\cookbook\tests\other\test_recipe_full_text_search.py:268: requires PostgreSQL</skipped></testcase><testcase classname="cookbook.tests.api.test_api_view_log" name="test_list_permission[arg2]" time="0.046" /><testcase classname="cookbook.tests.api.test_api_userspace" name="test_list_permission[arg1]" time="0.298" /><testcase classname="cookbook.tests.api.test_api_supermarket" name="test_update[arg3]" time="0.704" /><testcase classname="cookbook.tests.other.test_recipe_full_text_search" name="test_fuzzy_lookup[{'food': True}-food-(('fuzzy_lookups', False), ('unaccent', False))]" time="0.001"><skipped type="pytest.skip" message="requires PostgreSQL">C:\Users\Benedikt.Sienz\Documents\Development\Django\recipes\cookbook\tests\other\test_recipe_full_text_search.py:268: requires PostgreSQL</skipped></testcase><testcase classname="cookbook.tests.other.test_recipe_full_text_search" name="test_search_string[{'name': True}-(('fuzzy_search', True), ('unaccent', True))]" time="0.001"><skipped type="pytest.skip" message="requires PostgreSQL">C:\Users\Benedikt.Sienz\Documents\Development\Django\recipes\cookbook\tests\other\test_recipe_full_text_search.py:300: requires PostgreSQL</skipped></testcase><testcase classname="cookbook.tests.api.test_api_user" name="test_list[arg0]" time="0.013" /><testcase classname="cookbook.tests.api.test_api_userspace" name="test_update[arg3]" time="0.177" /><testcase classname="cookbook.tests.api.test_api_storage" name="test_add[arg2]" time="0.162" /><testcase classname="cookbook.tests.other.test_automations" name="test_never_unit_automation[arg2]" time="0.044" /><testcase classname="cookbook.tests.other.test_recipe_full_text_search" name="test_search_string[{'name': True}-(('fuzzy_search', True), ('unaccent', False))]" time="0.001"><skipped type="pytest.skip" message="requires PostgreSQL">C:\Users\Benedikt.Sienz\Documents\Development\Django\recipes\cookbook\tests\other\test_recipe_full_text_search.py:300: requires PostgreSQL</skipped></testcase><testcase classname="cookbook.tests.api.test_api_unit_conversion" name="test_update[arg4]" time="0.163" /><testcase classname="cookbook.tests.api.test_api_keyword" name="test_update[arg5]" time="0.226" /><testcase classname="cookbook.tests.api.test_api_user" name="test_list[arg1]" time="0.130" /><testcase classname="cookbook.tests.other.test_recipe_full_text_search" name="test_fuzzy_lookup[{'keyword': True}-keyword-(('fuzzy_search', True), ('unaccent', True))]" time="0.001"><skipped type="pytest.skip" message="requires PostgreSQL">C:\Users\Benedikt.Sienz\Documents\Development\Django\recipes\cookbook\tests\other\test_recipe_full_text_search.py:268: requires PostgreSQL</skipped></testcase><testcase classname="cookbook.tests.other.test_connector_manager" name="test_run_connectors" time="0.042" /><testcase classname="cookbook.tests.other.test_recipe_full_text_search" name="test_search_string[{'name': True}-(('fuzzy_search', False), ('unaccent', False))]" time="0.001"><skipped type="pytest.skip" message="requires PostgreSQL">C:\Users\Benedikt.Sienz\Documents\Development\Django\recipes\cookbook\tests\other\test_recipe_full_text_search.py:300: requires PostgreSQL</skipped></testcase><testcase classname="cookbook.tests.other.test_recipe_full_text_search" name="test_search_string[{'name': True}-(('fulltext', True), ('unaccent', True))]" time="0.001"><skipped type="pytest.skip" message="requires PostgreSQL">C:\Users\Benedikt.Sienz\Documents\Development\Django\recipes\cookbook\tests\other\test_recipe_full_text_search.py:300: requires PostgreSQL</skipped></testcase><testcase classname="cookbook.tests.other.test_recipe_full_text_search" name="test_fuzzy_lookup[{'keyword': True}-keyword-(('fuzzy_search', True), ('unaccent', False))]" time="0.001"><skipped type="pytest.skip" message="requires PostgreSQL">C:\Users\Benedikt.Sienz\Documents\Development\Django\recipes\cookbook\tests\other\test_recipe_full_text_search.py:268: requires PostgreSQL</skipped></testcase><testcase classname="cookbook.tests.other.test_recipe_full_text_search" name="test_fuzzy_lookup[{'keyword': True}-keyword-(('fuzzy_search', False), ('unaccent', True))]" time="0.001"><skipped type="pytest.skip" message="requires PostgreSQL">C:\Users\Benedikt.Sienz\Documents\Development\Django\recipes\cookbook\tests\other\test_recipe_full_text_search.py:268: requires PostgreSQL</skipped></testcase><testcase classname="cookbook.tests.other.test_recipe_full_text_search" name="test_fuzzy_lookup[{'keyword': True}-keyword-(('fuzzy_search', False), ('unaccent', False))]" time="0.001"><skipped type="pytest.skip" message="requires PostgreSQL">C:\Users\Benedikt.Sienz\Documents\Development\Django\recipes\cookbook\tests\other\test_recipe_full_text_search.py:268: requires PostgreSQL</skipped></testcase><testcase classname="cookbook.tests.other.test_recipe_full_text_search" name="test_search_string[{'name': True}-(('fulltext', True), ('unaccent', False))]" time="0.001"><skipped type="pytest.skip" message="requires PostgreSQL">C:\Users\Benedikt.Sienz\Documents\Development\Django\recipes\cookbook\tests\other\test_recipe_full_text_search.py:300: requires PostgreSQL</skipped></testcase><testcase classname="cookbook.tests.other.test_recipe_full_text_search" name="test_fuzzy_lookup[{'keyword': True}-keyword-(('fuzzy_lookups', True), ('unaccent', True))]" time="0.001"><skipped type="pytest.skip" message="requires PostgreSQL">C:\Users\Benedikt.Sienz\Documents\Development\Django\recipes\cookbook\tests\other\test_recipe_full_text_search.py:268: requires PostgreSQL</skipped></testcase><testcase classname="cookbook.tests.other.test_recipe_full_text_search" name="test_fuzzy_lookup[{'keyword': True}-keyword-(('fuzzy_lookups', False), ('unaccent', True))]" time="0.001"><skipped type="pytest.skip" message="requires PostgreSQL">C:\Users\Benedikt.Sienz\Documents\Development\Django\recipes\cookbook\tests\other\test_recipe_full_text_search.py:268: requires PostgreSQL</skipped></testcase><testcase classname="cookbook.tests.other.test_recipe_full_text_search" name="test_search_string[{'name': True}-(('fuzzy_search', False), ('unaccent', True))]" time="0.001"><skipped type="pytest.skip" message="requires PostgreSQL">C:\Users\Benedikt.Sienz\Documents\Development\Django\recipes\cookbook\tests\other\test_recipe_full_text_search.py:300: requires PostgreSQL</skipped></testcase><testcase classname="cookbook.tests.other.test_recipe_full_text_search" name="test_fuzzy_lookup[{'keyword': True}-keyword-(('fuzzy_lookups', False), ('unaccent', False))]" time="0.001"><skipped type="pytest.skip" message="requires PostgreSQL">C:\Users\Benedikt.Sienz\Documents\Development\Django\recipes\cookbook\tests\other\test_recipe_full_text_search.py:268: requires PostgreSQL</skipped></testcase><testcase classname="cookbook.tests.api.test_api_view_log" name="test_list_permission[arg3]" time="0.037" /><testcase classname="cookbook.tests.other.test_recipe_full_text_search" name="test_fuzzy_lookup[{'food': True}-food-(('fuzzy_search', True), ('unaccent', True))]" time="0.001"><skipped type="pytest.skip" message="requires PostgreSQL">C:\Users\Benedikt.Sienz\Documents\Development\Django\recipes\cookbook\tests\other\test_recipe_full_text_search.py:268: requires PostgreSQL</skipped></testcase><testcase classname="cookbook.tests.other.test_recipe_full_text_search" name="test_search_string[{'name': True}-(('fulltext', False), ('unaccent', False))]" time="0.001"><skipped type="pytest.skip" message="requires PostgreSQL">C:\Users\Benedikt.Sienz\Documents\Development\Django\recipes\cookbook\tests\other\test_recipe_full_text_search.py:300: requires PostgreSQL</skipped></testcase><testcase classname="cookbook.tests.other.test_recipe_full_text_search" name="test_fuzzy_lookup[{'food': True}-food-(('fuzzy_search', True), ('unaccent', False))]" time="0.001"><skipped type="pytest.skip" message="requires PostgreSQL">C:\Users\Benedikt.Sienz\Documents\Development\Django\recipes\cookbook\tests\other\test_recipe_full_text_search.py:268: requires PostgreSQL</skipped></testcase><testcase classname="cookbook.tests.other.test_recipe_full_text_search" name="test_search_string[{'name': True}-(('icontains', True), ('unaccent', True))]" time="0.001"><skipped type="pytest.skip" message="requires PostgreSQL">C:\Users\Benedikt.Sienz\Documents\Development\Django\recipes\cookbook\tests\other\test_recipe_full_text_search.py:300: requires PostgreSQL</skipped></testcase><testcase classname="cookbook.tests.other.test_recipe_full_text_search" name="test_search_string[{'name': True}-(('icontains', True), ('unaccent', False))]" time="0.001"><skipped type="pytest.skip" message="requires PostgreSQL">C:\Users\Benedikt.Sienz\Documents\Development\Django\recipes\cookbook\tests\other\test_recipe_full_text_search.py:300: requires PostgreSQL</skipped></testcase><testcase classname="cookbook.tests.other.test_automations" name="test_never_unit_automation[arg3]" time="0.044" /><testcase classname="cookbook.tests.api.test_api_property" name="test_update[arg1]" time="0.152" /><testcase classname="cookbook.tests.api.test_api_view_log" name="test_update[arg4]" time="0.122" /><testcase classname="cookbook.tests.other.test_food_property" name="test_food_property" time="0.305" /><testcase classname="cookbook.tests.other.test_recipe_full_text_search" name="test_search_string[{'name': True}-(('fulltext', False), ('unaccent', True))]" time="0.001"><skipped type="pytest.skip" message="requires PostgreSQL">C:\Users\Benedikt.Sienz\Documents\Development\Django\recipes\cookbook\tests\other\test_recipe_full_text_search.py:300: requires PostgreSQL</skipped></testcase><testcase classname="cookbook.tests.other.test_recipe_full_text_search" name="test_search_string[{'name': True}-(('icontains', False), ('unaccent', False))]" time="0.001"><skipped type="pytest.skip" message="requires PostgreSQL">C:\Users\Benedikt.Sienz\Documents\Development\Django\recipes\cookbook\tests\other\test_recipe_full_text_search.py:300: requires PostgreSQL</skipped></testcase><testcase classname="cookbook.tests.other.test_recipe_full_text_search" name="test_search_string[{'name': True}-(('istartswith', True), ('unaccent', True))]" time="0.001"><skipped type="pytest.skip" message="requires PostgreSQL">C:\Users\Benedikt.Sienz\Documents\Development\Django\recipes\cookbook\tests\other\test_recipe_full_text_search.py:300: requires PostgreSQL</skipped></testcase><testcase classname="cookbook.tests.other.test_recipe_full_text_search" name="test_search_string[{'name': True}-(('istartswith', True), ('unaccent', False))]" time="0.001"><skipped type="pytest.skip" message="requires PostgreSQL">C:\Users\Benedikt.Sienz\Documents\Development\Django\recipes\cookbook\tests\other\test_recipe_full_text_search.py:300: requires PostgreSQL</skipped></testcase><testcase classname="cookbook.tests.other.test_recipe_full_text_search" name="test_fuzzy_lookup[{'keyword': True}-keyword-(('fuzzy_lookups', True), ('unaccent', False))]" time="0.001"><skipped type="pytest.skip" message="requires PostgreSQL">C:\Users\Benedikt.Sienz\Documents\Development\Django\recipes\cookbook\tests\other\test_recipe_full_text_search.py:268: requires PostgreSQL</skipped></testcase><testcase classname="cookbook.tests.other.test_recipe_full_text_search" name="test_search_string[{'name': True}-(('istartswith', False), ('unaccent', False))]" time="0.001"><skipped type="pytest.skip" message="requires PostgreSQL">C:\Users\Benedikt.Sienz\Documents\Development\Django\recipes\cookbook\tests\other\test_recipe_full_text_search.py:300: requires PostgreSQL</skipped></testcase><testcase classname="cookbook.tests.other.test_recipe_full_text_search" name="test_search_string[{'description': True}-(('fuzzy_search', True), ('unaccent', True))]" time="0.001"><skipped type="pytest.skip" message="requires PostgreSQL">C:\Users\Benedikt.Sienz\Documents\Development\Django\recipes\cookbook\tests\other\test_recipe_full_text_search.py:300: requires PostgreSQL</skipped></testcase><testcase classname="cookbook.tests.other.test_recipe_full_text_search" name="test_search_string[{'description': True}-(('fuzzy_search', True), ('unaccent', False))]" time="0.001"><skipped type="pytest.skip" message="requires PostgreSQL">C:\Users\Benedikt.Sienz\Documents\Development\Django\recipes\cookbook\tests\other\test_recipe_full_text_search.py:300: requires PostgreSQL</skipped></testcase><testcase classname="cookbook.tests.other.test_automations" name="test_regex_automation[arg0-source0]" time="0.039" /><testcase classname="cookbook.tests.api.test_api_view_log" name="test_add[arg1]" time="0.185" /><testcase classname="cookbook.tests.other.test_recipe_full_text_search" name="test_fuzzy_lookup[{'food': True}-food-(('fuzzy_search', False), ('unaccent', True))]" time="0.001"><skipped type="pytest.skip" message="requires PostgreSQL">C:\Users\Benedikt.Sienz\Documents\Development\Django\recipes\cookbook\tests\other\test_recipe_full_text_search.py:268: requires PostgreSQL</skipped></testcase><testcase classname="cookbook.tests.other.test_recipe_full_text_search" name="test_search_string[{'description': True}-(('icontains', False), ('unaccent', False))]" time="0.001"><skipped type="pytest.skip" message="requires PostgreSQL">C:\Users\Benedikt.Sienz\Documents\Development\Django\recipes\cookbook\tests\other\test_recipe_full_text_search.py:300: requires PostgreSQL</skipped></testcase><testcase classname="cookbook.tests.other.test_recipe_full_text_search" name="test_search_string[{'description': True}-(('istartswith', True), ('unaccent', True))]" time="0.001"><skipped type="pytest.skip" message="requires PostgreSQL">C:\Users\Benedikt.Sienz\Documents\Development\Django\recipes\cookbook\tests\other\test_recipe_full_text_search.py:300: requires PostgreSQL</skipped></testcase><testcase classname="cookbook.tests.other.test_recipe_full_text_search" name="test_search_string[{'name': True}-(('icontains', False), ('unaccent', True))]" time="0.001"><skipped type="pytest.skip" message="requires PostgreSQL">C:\Users\Benedikt.Sienz\Documents\Development\Django\recipes\cookbook\tests\other\test_recipe_full_text_search.py:300: requires PostgreSQL</skipped></testcase><testcase classname="cookbook.tests.other.test_recipe_full_text_search" name="test_search_string[{'description': True}-(('istartswith', True), ('unaccent', False))]" time="0.001"><skipped type="pytest.skip" message="requires PostgreSQL">C:\Users\Benedikt.Sienz\Documents\Development\Django\recipes\cookbook\tests\other\test_recipe_full_text_search.py:300: requires PostgreSQL</skipped></testcase><testcase classname="cookbook.tests.other.test_recipe_full_text_search" name="test_search_string[{'description': True}-(('istartswith', False), ('unaccent', False))]" time="0.001"><skipped type="pytest.skip" message="requires PostgreSQL">C:\Users\Benedikt.Sienz\Documents\Development\Django\recipes\cookbook\tests\other\test_recipe_full_text_search.py:300: requires PostgreSQL</skipped></testcase><testcase classname="cookbook.tests.other.test_recipe_full_text_search" name="test_search_string[{'instruction': True}-(('fuzzy_search', True), ('unaccent', True))]" time="0.001"><skipped type="pytest.skip" message="requires PostgreSQL">C:\Users\Benedikt.Sienz\Documents\Development\Django\recipes\cookbook\tests\other\test_recipe_full_text_search.py:300: requires PostgreSQL</skipped></testcase><testcase classname="cookbook.tests.api.test_api_step" name="test_update[arg5]" time="0.205" /><testcase classname="cookbook.tests.other.test_recipe_full_text_search" name="test_search_string[{'instruction': True}-(('fuzzy_search', True), ('unaccent', False))]" time="0.001"><skipped type="pytest.skip" message="requires PostgreSQL">C:\Users\Benedikt.Sienz\Documents\Development\Django\recipes\cookbook\tests\other\test_recipe_full_text_search.py:300: requires PostgreSQL</skipped></testcase><testcase classname="cookbook.tests.other.test_automations" name="test_regex_automation[arg0-source1]" time="0.042" /><testcase classname="cookbook.tests.api.test_api_user" name="test_list[arg2]" time="0.120" /><testcase classname="cookbook.tests.api.test_api_unit_conversion" name="test_list_permission[arg0]" time="0.011" /><testcase classname="cookbook.tests.other.test_recipe_full_text_search" name="test_search_string[{'name': True}-(('istartswith', False), ('unaccent', True))]" time="0.001"><skipped type="pytest.skip" message="requires PostgreSQL">C:\Users\Benedikt.Sienz\Documents\Development\Django\recipes\cookbook\tests\other\test_recipe_full_text_search.py:300: requires PostgreSQL</skipped></testcase><testcase classname="cookbook.tests.api.test_api_related_recipe" name="test_get_related_recipes[recipe3-2-arg3]" time="0.741" /><testcase classname="cookbook.tests.api.test_api_unit_conversion" name="test_list_permission[arg1]" time="0.116" /><testcase classname="cookbook.tests.other.test_recipe_full_text_search" name="test_search_string[{'instruction': True}-(('fuzzy_search', 
[...]
.other.test_schemas" name="test_autoschema_exists[ailog-list]" time="0.005" /><testcase classname="cookbook.tests.other.test_schemas" name="test_autoschema_exists[ailog-detail]" time="0.005" /><testcase classname="cookbook.tests.other.test_schemas" name="test_autoschema_exists[server-settings-current]" time="0.005" /><testcase classname="cookbook.tests.other.test_schemas" name="test_autoschema_exists[ingredient-parser-post]" time="0.005" /><testcase classname="cookbook.tests.other.test_schemas" name="test_autoschema_exists[enterprisespace-current]" time="0.005" /><testcase classname="cookbook.tests.other.test_schemas" name="test_autoschema_exists[enterprisespace-list]" time="0.006" /><testcase classname="cookbook.tests.api.test_api_user" name="test_user_retrieve[arg4]" time="0.131" /><testcase classname="cookbook.tests.other.test_schemas" name="test_autoschema_exists[enterprise_keyword-list]" time="0.004" /><testcase classname="cookbook.tests.other.test_schemas" name="test_autoschema_exists[enterprisespace-detail]" time="0.005" /><testcase classname="cookbook.tests.other.test_schemas" name="test_autoschema_exists[enterprise_keyword-detail]" time="0.005" /><testcase classname="cookbook.tests.other.test_schemas" name="test_autoschema_exists[enterprise_keyword-cascading]" time="0.004" /><testcase classname="cookbook.tests.other.test_schemas" name="test_autoschema_exists[enterprise_keyword-merge]" time="0.005" /><testcase classname="cookbook.tests.other.test_schemas" name="test_autoschema_exists[enterprise_keyword-move]" time="0.005" /><testcase classname="cookbook.tests.other.test_schemas" name="test_autoschema_exists[enterprise_keyword-protecting]" time="0.005" /><testcase classname="cookbook.tests.other.test_schemas" name="test_autoschema_exists[enterprise_keyword-nulling]" time="0.006" /><testcase classname="cookbook.tests.other.test_schemas" name="test_autoschema_exists[enterprise_social_recipe-list]" time="0.005" /><testcase classname="cookbook.tests.other.test_schemas" name="test_autoschema_exists[enterprise_social_recipe-batch-update]" time="0.005" /><testcase classname="cookbook.tests.other.test_schemas" name="test_autoschema_exists[enterprise_social_recipe-flat]" time="0.005" /><testcase classname="cookbook.tests.other.test_schemas" name="test_autoschema_exists[enterprise_social_recipe-aiproperties]" time="0.005" /><testcase classname="cookbook.tests.other.test_schemas" name="test_autoschema_exists[enterprise_social_recipe-detail]" time="0.005" /><testcase classname="cookbook.tests.other.test_schemas" name="test_autoschema_exists[enterprise_social_recipe-cascading]" time="0.005" /><testcase classname="cookbook.tests.other.test_schemas" name="test_autoschema_exists[enterprise_social_recipe-delete-external]" time="0.005" /><testcase classname="cookbook.tests.other.test_schemas" name="test_autoschema_exists[enterprise_social_recipe-nulling]" time="0.005" /><testcase classname="cookbook.tests.other.test_schemas" name="test_autoschema_exists[enterprise_social_recipe-protecting]" time="0.005" /><testcase classname="cookbook.tests.other.test_schemas" name="test_autoschema_exists[enterprise_social_recipe-image]" time="0.004" /><testcase classname="cookbook.tests.other.test_schemas" name="test_autoschema_exists[enterprise_social_recipe-shopping]" time="0.006" /><testcase classname="cookbook.tests.other.test_schemas" name="test_autoschema_exists[enterprise_social_recipe-related]" time="0.005" /><testcase classname="cookbook.tests.other.test_schemas" name="test_autoschema_exists[enterprisesocialembed-list]" time="0.005" /><testcase classname="cookbook.tests.other.test_schemas" name="test_autoschema_exists[enterprisesocialembed-detail]" time="0.004" /><testcase classname="cookbook.tests.other.test_schemas" name="test_autoschema_exists[opendataversion-list]" time="0.005" /><testcase classname="cookbook.tests.other.test_schemas" name="test_autoschema_exists[opendataunit-detail]" time="0.005" /><testcase classname="cookbook.tests.other.test_schemas" name="test_autoschema_exists[opendataunit-list]" time="0.005" /><testcase classname="cookbook.tests.other.test_schemas" name="test_autoschema_exists[opendatacategory-list]" time="0.004" /><testcase classname="cookbook.tests.other.test_schemas" name="test_autoschema_exists[opendataversion-detail]" time="0.005" /><testcase classname="cookbook.tests.other.test_schemas" name="test_autoschema_exists[opendatacategory-detail]" time="0.004" /><testcase classname="cookbook.tests.other.test_schemas" name="test_autoschema_exists[opendatastore-detail]" time="0.005" /><testcase classname="cookbook.tests.other.test_schemas" name="test_autoschema_exists[opendatastore-list]" time="0.005" /><testcase classname="cookbook.tests.other.test_schemas" name="test_autoschema_exists[opendataproperty-list]" time="0.005" /><testcase classname="cookbook.tests.other.test_schemas" name="test_autoschema_exists[opendataproperty-detail]" time="0.005" /><testcase classname="cookbook.tests.other.test_schemas" name="test_autoschema_exists[opendataconversion-list]" time="0.005" /><testcase classname="cookbook.tests.other.test_schemas" name="test_autoschema_exists[opendataconversion-detail]" time="0.005" /><testcase classname="cookbook.tests.other.test_schemas" name="test_autoschema_exists[opendatafood-list]" time="0.005" /><testcase classname="cookbook.tests.other.test_schemas" name="test_autoschema_exists[opendatafood-detail]" time="0.005" /><testcase classname="cookbook.tests.other.test_schemas" name="test_autoschema_exists[opendatafood-fdc]" time="0.004" /><testcase classname="cookbook.tests.other.test_schemas" name="test_autoschema_exists[open-data-FDC-detail]" time="0.005" /><testcase classname="cookbook.tests.other.test_schemas" name="test_autoschema_exists[open-data-stats-list]" time="0.004" /><testcase classname="cookbook.tests.other.test_unit_conversion" name="test_base_converter" time="0.008" /><testcase classname="cookbook.tests.other.test_url_import" name="test_import_permission[arg0]" time="0.010" /><testcase classname="cookbook.tests.other.test_url_import" name="test_import_permission[arg1]" time="0.125" /><testcase classname="cookbook.tests.other.test_theming" name="test_theming_function" time="0.075" /><testcase classname="cookbook.tests.api.test_api_user" name="test_user_retrieve[arg5]" time="0.146" /><testcase classname="cookbook.tests.other.test_url_import" name="test_import_permission[arg2]" time="0.122" /><testcase classname="cookbook.tests.other.test_unit_conversion" name="test_unit_conversions" time="0.139" /><testcase classname="cookbook.tests.other.test_url_import" name="test_import_permission[arg3]" time="0.124" /><testcase classname="cookbook.tests.other.test_unit_conversion" name="test_conversion_with_zero" time="0.041" /><testcase classname="cookbook.tests.other.test_url_import" name="test_recipe_import[allrecipes.html]" time="1.040" /><testcase classname="cookbook.tests.other.test_url_import" name="test_recipe_import[americastestkitchen.html]" time="0.396" /><testcase classname="cookbook.tests.other.test_url_import" name="test_recipe_import[cookpad.html]" time="0.500" /><testcase classname="cookbook.tests.other.test_makenow_filter" name="test_makenow_ignoreshopping[makenow_recipe1]" time="1.540" /><testcase classname="cookbook.tests.other.test_url_import" name="test_recipe_import[chefkoch.html]" time="1.008" /><testcase classname="cookbook.tests.other.test_url_import" name="test_recipe_import[chefkoch2.html]" time="0.943" /><testcase classname="cookbook.tests.other.test_url_import" name="test_recipe_import[cookscountry.html]" time="0.409" /><testcase classname="cookbook.tests.other.test_url_import" name="test_recipe_import[delish.html]" time="0.557" /><testcase classname="cookbook.tests.other.test_schemas" name="test_autoschema_exists[localization-list]" time="0.008" /><testcase classname="cookbook.tests.other.test_url_import" name="test_recipe_import[foodnetwork.html]" time="0.677" /><testcase classname="cookbook.tests.other.test_url_import" name="test_recipe_import[giallozafferano.html]" time="0.640" /><testcase classname="cookbook.tests.other.test_url_import" name="test_recipe_import[marmiton.html]" time="0.575" /><testcase classname="cookbook.tests.api.test_api_shopping_recipe" name="test_shopping_recipe_method[recipe3-29-arg3]" time="1.707" /><testcase classname="cookbook.tests.api.test_api_food" name="test_merge_shopping_entries" time="0.335" /><testcase classname="cookbook.tests.other.test_url_import" name="test_recipe_import[thespruceeats.html]" time="0.856" /><testcase classname="cookbook.tests.other.test_url_import" name="test_recipe_import[tasteofhome.html]" time="0.649" /><testcase classname="cookbook.tests.other.test_url_import" name="test_recipe_import[journaldesfemmes.html]" time="0.781" /><testcase classname="cookbook.tests.other.test_url_import" name="test_recipe_import[tudogostoso.html]" time="0.598" /><testcase classname="cookbook.tests.api.test_api_user" name="test_user_retrieve[arg6]" time="0.130" /><testcase classname="cookbook.tests.other.test_url_import" name="test_recipe_import[madamedessert.html]" time="0.589" /><testcase classname="cookbook.tests.views.test_views_api" name="test_external_file_permission[arg6]" time="0.215" /><testcase classname="cookbook.tests.views.test_views_api" name="test_external_link_permission[arg1]" time="0.271" /><testcase classname="cookbook.tests.other.test_recipe_full_text_search" name="test_search_or_and_not[operator0-found_recipe1-keywords]" time="2.330" /><testcase classname="cookbook.tests.views.test_views_api" name="test_external_link_permission[arg0]" time="0.187" /><testcase classname="cookbook.tests.api.test_api_user" name="test_user_update" time="0.474" /><testcase classname="cookbook.tests.other.test_makenow_filter" name="test_makenow_onhand[makenow_recipe0]" time="1.447" /><testcase classname="cookbook.tests.api.test_api_related_recipe" name="test_get_related_recipes[recipe2-1-arg1]" time="1.222" /><testcase classname="cookbook.tests.api.test_api_related_recipe" name="test_related_mixed_space[recipe2]" time="0.641" /><testcase classname="cookbook.tests.api.test_api_food" name="test_merge" time="1.013" /><testcase classname="cookbook.tests.views.test_views_general" name="test_system[arg1]" time="0.125" /><testcase classname="cookbook.tests.views.test_views_general" name="test_setup[arg0]" time="0.131" /><testcase classname="cookbook.tests.other.test_recipe_full_text_search" name="test_search_date[found_recipe0-viewedon-result0]" time="2.043" /><testcase classname="cookbook.tests.views.test_views_api" name="test_external_link_permission[arg3]" time="0.226" /><testcase classname="cookbook.tests.api.test_api_recipe_book" name="test_list_permission[arg0]" time="0.011" /><testcase classname="cookbook.tests.api.test_api_recipe_book" name="test_list_permission[arg1]" time="0.036" /><testcase classname="cookbook.tests.views.test_views_general" name="test_setup[arg2]" time="0.170" /><testcase classname="cookbook.tests.api.test_api_recipe_book" name="test_list_permission[arg2]" time="0.038" /><testcase classname="cookbook.tests.views.test_views_api" name="test_external_file_permission[arg0]" time="0.150" /><testcase classname="cookbook.tests.views.test_views_general" name="test_setup[arg3]" time="0.124" /><testcase classname="cookbook.tests.views.test_views_general" name="test_markdown_doc[arg0]" time="0.226" /><testcase classname="cookbook.tests.api.test_api_shopping_recipe" name="test_shopping_recipe_method[recipe1-20-arg2]" time="0.671" /><testcase classname="cookbook.tests.api.test_api_recipe_book" name="test_list_permission[arg3]" time="0.036" /><testcase classname="cookbook.tests.views.test_views_api" name="test_external_link_permission[arg4]" time="0.234" /><testcase classname="cookbook.tests.other.test_recipe_full_text_search" name="test_search_date[found_recipe3-updatedon-result3]" time="2.163" /><testcase classname="cookbook.tests.views.test_views_general" name="test_markdown_doc[arg1]" time="0.249" /><testcase classname="cookbook.tests.views.test_views_api" name="test_external_file_permission[arg1]" time="0.227" /><testcase classname="cookbook.tests.api.test_api_recipe_book" name="test_list_space" time="0.121" /><testcase classname="cookbook.tests.views.test_views_general" name="test_markdown_doc[arg3]" time="0.291" /><testcase classname="cookbook.tests.views.test_views_general" name="test_api_info[arg1]" time="0.427" /><testcase classname="cookbook.tests.views.test_views_api" name="test_external_file_permission[arg4]" time="0.222" /><testcase classname="cookbook.tests.api.test_api_share_link" name="test_get_share_link" time="0.973" /><testcase classname="cookbook.tests.views.test_views_general" name="test_markdown_doc[arg2]" time="0.276" /><testcase classname="cookbook.tests.views.test_views_api" name="test_external_file_permission[arg2]" time="0.223" /><testcase classname="cookbook.tests.api.test_api_userpreference" name="test_add" time="0.093" /><testcase classname="cookbook.tests.views.test_views_general" name="test_system[arg0]" time="0.116" /><testcase classname="cookbook.tests.views.test_views_general" name="test_setup[arg1]" time="0.120" /><testcase classname="cookbook.tests.views.test_views_api" name="test_external_file_permission[arg3]" time="0.241" /><testcase classname="cookbook.tests.views.test_views_general" name="test_system[arg3]" time="0.137" /><testcase classname="cookbook.tests.views.test_views_general" name="test_api_info[arg0]" time="0.118" /><testcase classname="cookbook.tests.views.test_views_general" name="test_api_info[arg2]" time="0.429" /><testcase classname="cookbook.tests.views.test_views_general" name="test_api_swagger[arg0]" time="0.106" /><testcase classname="cookbook.tests.views.test_views_general" name="test_api_swagger[arg2]" time="0.428" /><testcase classname="cookbook.tests.views.test_views_general" name="test_api_info[arg3]" time="0.387" /><testcase classname="cookbook.tests.views.test_views_general" name="test_system[arg2]" time="0.111" /><testcase classname="cookbook.tests.views.test_views_general" name="test_api_swagger[arg1]" time="0.409" /><testcase classname="cookbook.tests.views.test_views_api" name="test_external_file_permission[arg5]" time="0.306" /><testcase classname="cookbook.tests.views.test_views_api" name="test_external_link_permission[arg5]" time="0.275" /><testcase classname="cookbook.tests.other.test_recipe_full_text_search" name="test_search_or_and_not[operator0-found_recipe0-foods]" time="2.509" /><testcase classname="cookbook.tests.views.test_views_general" name="test_api_swagger[arg3]" time="0.359" /><testcase classname="cookbook.tests.api.test_api_shopping_recipe" name="test_shopping_recipe_method[recipe1-20-arg3]" time="1.539" /><testcase classname="cookbook.tests.views.test_views_api" name="test_external_link_permission[arg2]" time="0.261" /><testcase classname="cookbook.tests.views.test_views_api" name="test_external_link_permission[arg6]" time="0.372" /><testcase classname="cookbook.tests.api.test_api_food" name="test_merge_errors" time="1.090" /><testcase classname="cookbook.tests.api.test_api_shopping_recipe" name="test_shopping_recipe_mixed_authors" time="1.182" /><testcase classname="cookbook.tests.api.test_api_shopping_list_entryv2" name="test_list_permission[arg0]" time="0.016" /><testcase classname="cookbook.tests.api.test_api_shopping_list_entryv2" name="test_list_permission[arg1]" time="0.042" /><testcase classname="cookbook.tests.api.test_api_shopping_list_entryv2" name="test_list_permission[arg2]" time="0.041" /><testcase classname="cookbook.tests.api.test_api_related_recipe" name="test_get_related_recipes[recipe2-1-arg2]" time="0.473" /><testcase classname="cookbook.tests.other.test_makenow_filter" name="test_makenow_substitute[makenow_recipe0]" time="1.546" /><testcase classname="cookbook.tests.other.test_makenow_filter" name="test_makenow_onhand[makenow_recipe1]" time="1.400" /><testcase classname="cookbook.tests.other.test_schemas" name="test_autoschema_exists[recipebookentry-list]" time="0.006" /><testcase classname="cookbook.tests.other.test_schemas" name="test_autoschema_exists[recipebookentry-detail]" time="0.010" /><testcase classname="cookbook.tests.api.test_api_related_recipe" name="test_get_related_recipes[recipe2-1-arg3]" time="0.542" /><testcase classname="cookbook.tests.other.test_makenow_filter" name="test_makenow_sibling_substitute[makenow_recipe1]" time="2.628" /><testcase classname="cookbook.tests.other.test_recipe_full_text_search" name="test_search_date[found_recipe1-cookedon-result1]" time="2.075" /><testcase classname="cookbook.tests.api.test_api_shopping_recipe" name="test_shopping_recipe_method[recipe2-19-arg0]" time="0.505" /><testcase classname="cookbook.tests.other.test_recipe_full_text_search" name="test_search_or_and_not[operator0-found_recipe2-books]" time="2.367" /><testcase classname="cookbook.tests.api.test_api_shopping_recipe" name="test_shopping_with_header_ingredient[recipe0]" time="0.941" /><testcase classname="cookbook.tests.other.test_recipe_full_text_search" name="test_search_count[found_recipe0-rating]" time="1.972" /><testcase classname="cookbook.tests.api.test_api_shopping_recipe" name="test_shopping_recipe_method[recipe2-19-arg1]" time="1.315" /><testcase classname="cookbook.tests.other.test_makenow_filter" name="test_makenow_substitute[makenow_recipe1]" time="1.390" /><testcase classname="cookbook.tests.other.test_makenow_filter" name="test_makenow_ignoreshopping[makenow_recipe0]" time="1.483" /><testcase classname="cookbook.tests.api.test_api_space" name="test_list_permission[arg0]" time="0.035" /><testcase classname="cookbook.tests.api.test_api_space" name="test_list_permission[arg1]" time="0.170" /><testcase classname="cookbook.tests.api.test_api_space" name="test_list_permission[arg2]" time="0.136" /><testcase classname="cookbook.tests.other.test_nested_serializer" name="test_unnested_serializer__single[dict]" time="0.334" /><testcase classname="cookbook.tests.api.test_api_space" name="test_list_permission[arg3]" time="0.158" /><testcase classname="cookbook.tests.other.test_nested_serializer" name="test_unnested_serializer__single[pk]" time="0.382" /><testcase classname="cookbook.tests.api.test_api_shopping_recipe" name="test_shopping_recipe_method[recipe2-19-arg2]" time="0.314" /><testcase classname="cookbook.tests.other.test_recipe_full_text_search" name="test_search_date[found_recipe2-createdon-result2]" time="1.692" /><testcase classname="cookbook.tests.other.test_nested_serializer" name="test_nested_serializer_many" time="0.668" /><testcase classname="cookbook.tests.other.test_makenow_filter" name="test_makenow_child_substitute[makenow_recipe0]" time="1.315" /><testcase classname="cookbook.tests.other.test_recipe_full_text_search" name="test_search_count[found_recipe1-timescooked]" time="1.790" /><testcase classname="cookbook.tests.api.test_api_shopping_recipe" name="test_shopping_recipe_method[recipe2-19-arg3]" time="1.013" /><testcase classname="cookbook.tests.other.test_recipe_full_text_search" name="test_search_or_and_not[operator1-found_recipe0-foods]" time="1.783" /><testcase classname="cookbook.tests.other.test_schemas" name="test_pagination_exists[automation-list]" time="0.005" /><testcase classname="cookbook.tests.other.test_makenow_filter" name="test_makenow_child_substitute[makenow_recipe1]" time="1.093" /><testcase classname="cookbook.tests.api.test_api_shopping_recipe" name="test_shopping_recipe_method[recipe3-29-arg0]" time="0.361" /><testcase classname="cookbook.tests.other.test_recipe_full_text_search" name="test_search_or_and_not[operator1-found_recipe1-keywords]" time="1.338" /><testcase classname="cookbook.tests.other.test_recipe_full_text_search" name="test_search_or_and_not[operator1-found_recipe2-books]" time="2.495" /><testcase classname="cookbook.tests.other.test_recipe_full_text_search" name="test_search_units[found_recipe0]" time="0.912" /></testsuite></testsuites>